2 outecef:2019/03/22 15:35:58.500  -2005037.1432   5411160.9917   2707856.9148   2   6   0.0305   0.0628   0.0730  -0.0279   0.0622  -0.0189   0.00    0.0

2 outecef:2045 455776  -2005037.1432   5411160.9917   2707856.9148   2   6   0.0305   0.0628   0.0730  -0.0279   0.0622  -0.0189   0.00    0.0

2 outecef:2019/03/22 15:35:59.000  -2005037.1424   5411160.9911   2707856.9154   1   6   0.0215   0.0444   0.0516  -0.0197   0.0440  -0.0134   0.50  999.9

2 outecef:2045 455777  -2005037.1424   5411160.9911   2707856.9154   1   6   0.0215   0.0444   0.0516  -0.0197   0.0440  -0.0134   0.50  999.9

2 outecef:2019/03/22 15:35:59.500  -2005037.1419   5411160.9905   2707856.9156   1   6   0.0176   0.0363   0.0422  -0.0161   0.0359  -0.0109   1.00  747.9

2 outecef:2045 455777  -2005037.1419   5411160.9905   2707856.9156   1   6   0.0176   0.0363   0.0422  -0.0161   0.0359  -0.0109   1.00  747.9

2 outecef:2019/03/22 15:36:00.000  -2005037.1416   5411160.9909   2707856.9184   1   6   0.0153   0.0315   0.0366  -0.0140   0.0311  -0.0095   1.50  300.5

2 outecef:2045 455778  -2005037.1416   5411160.9909   2707856.9184   1   6   0.0153   0.0315   0.0366  -0.0140   0.0311  -0.0095   1.50  300.5

2 outecef:2019/03/22 15:36:00.500  -2005037.1413   5411160.9908   2707856.9198   1   6   0.0137   0.0282   0.0327  -0.0125   0.0279  -0.0085   2.00  165.1

2 outecef:2045 455778  -2005037.1413   5411160.9908   2707856.9198   1   6   0.0137   0.0282   0.0327  -0.0125   0.0279  -0.0085   2.00  165.1

2 outecef:2019/03/22 15:36:01.000  -2005037.1416   5411160.9909   2707856.9189   1   6   0.0125   0.0257   0.0299  -0.0114   0.0254  -0.0077   0.00  243.6

2 outecef:2045 455779  -2005037.1416   5411160.9909   2707856.9189   1   6   0.0125   0.0257   0.0299  -0.0114   0.0254  -0.0077   0.00  243.6

2 outecef:2019/03/22 15:36:01.500  -2005037.1419   5411160.9915   2707856.9194   1   6   0.0115   0.0238   0.0276  -0.0106   0.0235  -0.0072   0.50  278.8

2 outecef:2045 455779  -2005037.1419   5411160.9915   2707856.9194   1   6   0.0115   0.0238   0.0276  -0.0106   0.0235  -0.0072   0.50  278.8

2 outecef:2019/03/22 15:36:02.000  -2005037.1419   5411160.9917   2707856.9197   1   6   0.0108   0.0222   0.0259  -0.0099   0.0220  -0.0067   1.00  330.5

2 outecef:2045 455780  -2005037.1419   5411160.9917   2707856.9197   1   6   0.0108   0.0222   0.0259  -0.0099   0.0220  -0.0067   1.00  330.5

2 outecef:2019/03/22 15:36:02.500  -2005037.1419   5411160.9915   2707856.9197   1   6   0.0102   0.0210   0.0244  -0.0093   0.0208  -0.0063   1.50  362.4

2 outecef:2045 455780  -2005037.1419   5411160.9915   2707856.9197   1   6   0.0102   0.0210   0.0244  -0.0093   0.0208  -0.0063   1.50  362.4

2 outecef:2019/03/22 15:36:03.000  -2005037.1422   5411160.9917   2707856.9200   1   6   0.0097   0.0199   0.0231  -0.0088   0.0197  -0.0060   2.00  378.7

2 outecef:2045 455781  -2005037.1422   5411160.9917   2707856.9200   1   6   0.0097   0.0199   0.0231  -0.0088   0.0197  -0.0060   2.00  378.7

2 outecef:2019/03/22 15:36:03.500  -2005037.1423   5411160.9917   2707856.9195   1   6   0.0092   0.0190   0.0221  -0.0084   0.0188  -0.0057   0.00  460.6

2 outecef:2045 455781  -2005037.1423   5411160.9917   2707856.9195   1   6   0.0092   0.0190   0.0221  -0.0084   0.0188  -0.0057   0.00  460.6

2 outecef:2019/03/22 15:36:04.000  -2005037.1424   5411160.9916   2707856.9189   1   6   0.0088   0.0182   0.0211  -0.0081   0.0180  -0.0055   0.50  595.3

2 outecef:2045 455782  -2005037.1424   5411160.9916   2707856.9189   1   6   0.0088   0.0182   0.0211  -0.0081   0.0180  -0.0055   0.50  595.3

2 outecef:2019/03/22 15:36:04.500  -2005037.1425   5411160.9913   2707856.9186   1   6   0.0085   0.0175   0.0203  -0.0077   0.0173  -0.0053   1.00  791.1

2 outecef:2045 455782  -2005037.1425   5411160.9913   2707856.9186   1   6   0.0085   0.0175   0.0203  -0.0077   0.0173  -0.0053   1.00  791.1

2 outecef:2019/03/22 15:36:05.000  -2005037.1427   5411160.9909   2707856.9180   1   6   0.0082   0.0168   0.0196  -0.0075   0.0167  -0.0051   1.50  906.4

2 outecef:2045 455783  -2005037.1427   5411160.9909   2707856.9180   1   6   0.0082   0.0168   0.0196  -0.0075   0.0167  -0.0051   1.50  906.4

2 outecef:2019/03/22 15:36:05.500  -2005037.1427   5411160.9907   2707856.9177   1   6   0.0079   0.0163   0.0189  -0.0072   0.0161  -0.0049   2.00  999.9

2 outecef:2045 455783  -2005037.1427   5411160.9907   2707856.9177   1   6   0.0079   0.0163   0.0189  -0.0072   0.0161  -0.0049   2.00  999.9

2 outecef:2019/03/22 15:36:06.000  -2005037.1427   5411160.9904   2707856.9176   1   6   0.0076   0.0157   0.0183  -0.0070   0.0156  -0.0047   2.50  999.9

2 outecef:2045 455784  -2005037.1427   5411160.9904   2707856.9176   1   6   0.0076   0.0157   0.0183  -0.0070   0.0156  -0.0047   2.50  999.9

2 outecef:2019/03/22 15:36:06.500  -2005037.1427   5411160.9905   2707856.9174   1   6   0.0074   0.0153   0.0178  -0.0068   0.0151  -0.0046   0.00  999.9

2 outecef:2045 455784  -2005037.1427   5411160.9905   2707856.9174   1   6   0.0074   0.0153   0.0178  -0.0068   0.0151  -0.0046   0.00  999.9

2 outecef:2019/03/22 15:36:07.000  -2005037.1426   5411160.9904   2707856.9172   1   6   0.0072   0.0148   0.0173  -0.0066   0.0147  -0.0045   0.50  999.9

2 outecef:2045 455785  -2005037.1426   5411160.9904   2707856.9172   1   6   0.0072   0.0148   0.0173  -0.0066   0.0147  -0.0045   0.50  999.9

2 outecef:2019/03/22 15:36:07.500  -2005037.1427   5411160.9904   2707856.9172   1   6   0.0070   0.0144   0.0168  -0.0064   0.0143  -0.0043   1.00  999.9

2 outecef:2045 455785  -2005037.1427   5411160.9904   2707856.9172   1   6   0.0070   0.0144   0.0168  -0.0064   0.0143  -0.0043   1.00  999.9

2 outecef:2019/03/22 15:36:08.000  -2005037.1427   5411160.9904   2707856.9173   1   6   0.0068   0.0141   0.0164  -0.0062   0.0139  -0.0042   1.50  999.9

2 outecef:2045 455786  -2005037.1427   5411160.9904   2707856.9173   1   6   0.0068   0.0141   0.0164  -0.0062   0.0139  -0.0042   1.50  999.9

2 outecef:2019/03/22 15:36:08.500  -2005037.1427   5411160.9904   2707856.9172   1   6   0.0067   0.0137   0.0160  -0.0061   0.0136  -0.0041   0.00  999.9

2 outecef:2045 455786  -2005037.1427   5411160.9904   2707856.9172   1   6   0.0067   0.0137   0.0160  -0.0061   0.0136  -0.0041   0.00  999.9

2 outecef:2019/03/22 15:36:09.000  -2005037.1428   5411160.9905   2707856.9172   1   6   0.0065   0.0134   0.0156  -0.0060   0.0133  -0.0040   0.50  999.9

2 outecef:2045 455787  -2005037.1428   5411160.9905   2707856.9172   1   6   0.0065   0.0134   0.0156  -0.0060   0.0133  -0.0040   0.50  999.9

2 outecef:2019/03/22 15:36:09.500  -2005037.1428   5411160.9905   2707856.9172   1   6   0.0064   0.0131   0.0153  -0.0058   0.0130  -0.0040   1.00  999.9

2 outecef:2045 455787  -2005037.1428   5411160.9905   2707856.9172   1   6   0.0064   0.0131   0.0153  -0.0058   0.0130  -0.0040   1.00  999.9

2 outecef:2019/03/22 15:36:10.000  -2005037.1427   5411160.9903   2707856.9171   1   6   0.0062   0.0128   0.0149  -0.0057   0.0127  -0.0039   1.50  999.9

2 outecef:2045 455788  -2005037.1427   5411160.9903   2707856.9171   1   6   0.0062   0.0128   0.0149  -0.0057   0.0127  -0.0039   1.50  999.9

2 outecef:2019/03/22 15:36:10.500  -2005037.1429   5411160.9903   2707856.9173   1   6   0.0061   0.0126   0.0146  -0.0056   0.0125  -0.0038   2.00  999.9

2 outecef:2045 455788  -2005037.1429   5411160.9903   2707856.9173   1   6   0.0061   0.0126   0.0146  -0.0056   0.0125  -0.0038   2.00  999.9

2 outecef:2019/03/22 15:36:11.000  -2005037.1428   5411160.9903   2707856.9175   1   6   0.0060   0.0123   0.0144  -0.0055   0.0122  -0.0037   2.50  999.9

2 outecef:2045 455789  -2005037.1428   5411160.9903   2707856.9175   1   6   0.0060   0.0123   0.0144  -0.0055   0.0122  -0.0037   2.50  999.9

2 outecef:2019/03/22 15:36:11.500  -2005037.1428   5411160.9903   2707856.9174   1   6   0.0059   0.0121   0.0141  -0.0054   0.0120  -0.0036   0.00  999.9

2 outecef:2045 455789  -2005037.1428   5411160.9903   2707856.9174   1   6   0.0059   0.0121   0.0141  -0.0054   0.0120  -0.0036   0.00  999.9

2 outecef:2019/03/22 15:36:12.000  -2005037.1429   5411160.9903   2707856.9173   1   6   0.0058   0.0119   0.0138  -0.0053   0.0118  -0.0036   0.50  999.9

2 outecef:2045 455790  -2005037.1429   5411160.9903   2707856.9173   1   6   0.0058   0.0119   0.0138  -0.0053   0.0118  -0.0036   0.50  999.9

2 outecef:2019/03/22 15:36:12.500  -2005037.1429   5411160.9904   2707856.9174   1   6   0.0057   0.0117   0.0136  -0.0052   0.0116  -0.0035   1.00  999.9

2 outecef:2045 455790  -2005037.1429   5411160.9904   2707856.9174   1   6   0.0057   0.0117   0.0136  -0.0052   0.0116  -0.0035   1.00  999.9

2 outecef:2019/03/22 15:36:13.000  -2005037.1430   5411160.9904   2707856.9174   1   6   0.0056   0.0115   0.0134  -0.0051   0.0114  -0.0035   1.50  999.9

2 outecef:2045 455791  -2005037.1430   5411160.9904   2707856.9174   1   6   0.0056   0.0115   0.0134  -0.0051   0.0114  -0.0035   1.50  999.9

2 outecef:2019/03/22 15:36:13.500  -2005037.1429   5411160.9903   2707856.9175   1   6   0.0055   0.0113   0.0131  -0.0050   0.0112  -0.0034   2.00  999.9

2 outecef:2045 455791  -2005037.1429   5411160.9903   2707856.9175   1   6   0.0055   0.0113   0.0131  -0.0050   0.0112  -0.0034   2.00  999.9

2 outecef:2019/03/22 15:36:14.000  -2005037.1430   5411160.9898   2707856.9164   1  15   0.0053   0.0101   0.0110  -0.0048   0.0095  -0.0032   0.00  999.9

2 outecef:2045 455792  -2005037.1430   5411160.9898   2707856.9164   1  15   0.0053   0.0101   0.0110  -0.0048   0.0095  -0.0032   0.00  999.9

2 outecef:2019/03/22 15:36:14.500  -2005037.1428   5411160.9889   2707856.9149   1  15   0.0051   0.0094   0.0096  -0.0047   0.0085  -0.0031   0.50  130.1

2 outecef:2045 455792  -2005037.1428   5411160.9889   2707856.9149   1  15   0.0051   0.0094   0.0096  -0.0047   0.0085  -0.0031   0.50  130.1

2 outecef:2019/03/22 15:36:15.000  -2005037.1426   5411160.9885   2707856.9144   1  15   0.0050   0.0089   0.0087  -0.0045   0.0078  -0.0030   1.00  999.9

2 outecef:2045 455793  -2005037.1426   5411160.9885   2707856.9144   1  15   0.0050   0.0089   0.0087  -0.0045   0.0078  -0.0030   1.00  999.9

2 outecef:2019/03/22 15:36:15.500  -2005037.1425   5411160.9879   2707856.9135   1  15   0.0048   0.0085   0.0080  -0.0044   0.0072  -0.0029   1.50  999.9

2 outecef:2045 455793  -2005037.1425   5411160.9879   2707856.9135   1  15   0.0048   0.0085   0.0080  -0.0044   0.0072  -0.0029   1.50  999.9

2 outecef:2019/03/22 15:36:16.000  -2005037.1425   5411160.9876   2707856.9130   1  15   0.0047   0.0082   0.0075  -0.0043   0.0068  -0.0029   2.00  999.9

2 outecef:2045 455794  -2005037.1425   5411160.9876   2707856.9130   1  15   0.0047   0.0082   0.0075  -0.0043   0.0068  -0.0029   2.00  999.9

2 outecef:2019/03/22 15:36:16.500  -2005037.1426   5411160.9878   2707856.9131   1  15   0.0046   0.0079   0.0070  -0.0042   0.0065  -0.0028   0.00  999.9

2 outecef:2045 455794  -2005037.1426   5411160.9878   2707856.9131   1  15   0.0046   0.0079   0.0070  -0.0042   0.0065  -0.0028   0.00  999.9

2 outecef:2019/03/22 15:36:17.000  -2005037.1425   5411160.9880   2707856.9133   1  15   0.0045   0.0076   0.0067  -0.0041   0.0062  -0.0027   0.50  999.9

2 outecef:2045 455795  -2005037.1425   5411160.9880   2707856.9133   1  15   0.0045   0.0076   0.0067  -0.0041   0.0062  -0.0027   0.50  999.9

2 outecef:2019/03/22 15:36:17.500  -2005037.1426   5411160.9884   2707856.9137   1  15   0.0044   0.0074   0.0063  -0.0040   0.0059  -0.0026   1.00  999.9

2 outecef:2045 455795  -2005037.1426   5411160.9884   2707856.9137   1  15   0.0044   0.0074   0.0063  -0.0040   0.0059  -0.0026   1.00  999.9

2 outecef:2019/03/22 15:36:18.000  -2005037.1427   5411160.9884   2707856.9136   1  15   0.0043   0.0072   0.0061  -0.0039   0.0057  -0.0026   1.50  999.9

2 outecef:2045 455796  -2005037.1427   5411160.9884   2707856.9136   1  15   0.0043   0.0072   0.0061  -0.0039   0.0057  -0.0026   1.50  999.9

2 outecef:2019/03/22 15:36:18.500  -2005037.1427   5411160.9885   2707856.9136   1  15   0.0042   0.0071   0.0058  -0.0038   0.0055  -0.0025   2.00  999.9

2 outecef:2045 455796  -2005037.1427   5411160.9885   2707856.9136   1  15   0.0042   0.0071   0.0058  -0.0038   0.0055  -0.0025   2.00  999.9

2 outecef:2019/03/22 15:36:19.000  -2005037.1427   5411160.9886   2707856.9137   1  15   0.0041   0.0069   0.0056  -0.0038   0.0054  -0.0025   0.00  999.9

2 outecef:2045 455797  -2005037.1427   5411160.9886   2707856.9137   1  15   0.0041   0.0069   0.0056  -0.0038   0.0054  -0.0025   0.00  999.9

2 outecef:2019/03/22 15:36:19.500  -2005037.1428   5411160.9886   2707856.9135   1  15   0.0040   0.0068   0.0054  -0.0037   0.0052  -0.0024   0.50  999.9

2 outecef:2045 455797  -2005037.1428   5411160.9886   2707856.9135   1  15   0.0040   0.0068   0.0054  -0.0037   0.0052  -0.0024   0.50  999.9

2 outecef:2019/03/22 15:36:20.000  -2005037.1429   5411160.9887   2707856.9134   1  15   0.0039   0.0066   0.0053  -0.0036   0.0051  -0.0024   1.00  999.9

2 outecef:2045 455798  -2005037.1429   5411160.9887   2707856.9134   1  15   0.0039   0.0066   0.0053  -0.0036   0.0051  -0.0024   1.00  999.9

2 outecef:2019/03/22 15:36:20.500  -2005037.1430   5411160.9886   2707856.9133   1  15   0.0039   0.0065   0.0051  -0.0035   0.0049  -0.0023   1.50  999.9

2 outecef:2045 455798  -2005037.1430   5411160.9886   2707856.9133   1  15   0.0039   0.0065   0.0051  -0.0035   0.0049  -0.0023   1.50  999.9

2 outecef:2019/03/22 15:36:21.000  -2005037.1431   5411160.9884   2707856.9131   1  15   0.0038   0.0064   0.0050  -0.0035   0.0048  -0.0023   2.00  999.9

2 outecef:2045 455799  -2005037.1431   5411160.9884   2707856.9131   1  15   0.0038   0.0064   0.0050  -0.0035   0.0048  -0.0023   2.00  999.9

2 outecef:2019/03/22 15:36:21.500  -2005037.1431   5411160.9885   2707856.9132   1  17   0.0037   0.0063   0.0048  -0.0034   0.0047  -0.0023   0.00  999.9

2 outecef:2045 455799  -2005037.1431   5411160.9885   2707856.9132   1  17   0.0037   0.0063   0.0048  -0.0034   0.0047  -0.0023   0.00  999.9

2 outecef:2019/03/22 15:36:22.000  -2005037.1431   5411160.9886   2707856.9132   1  17   0.0037   0.0062   0.0047  -0.0034   0.0046  -0.0022   0.50  999.9

2 outecef:2045 455800  -2005037.1431   5411160.9886   2707856.9132   1  17   0.0037   0.0062   0.0047  -0.0034   0.0046  -0.0022   0.50  999.9

2 outecef:2019/03/22 15:36:22.500  -2005037.1431   5411160.9886   2707856.9133   1  17   0.0036   0.0061   0.0046  -0.0033   0.0045  -0.0022   1.00  999.9

2 outecef:2045 455800  -2005037.1431   5411160.9886   2707856.9133   1  17   0.0036   0.0061   0.0046  -0.0033   0.0045  -0.0022   1.00  999.9

2 outecef:2019/03/22 15:36:23.000  -2005037.1431   5411160.9887   2707856.9134   1  17   0.0036   0.0060   0.0045  -0.0033   0.0044  -0.0022   1.50  999.9

2 outecef:2045 455801  -2005037.1431   5411160.9887   2707856.9134   1  17   0.0036   0.0060   0.0045  -0.0033   0.0044  -0.0022   1.50  999.9

2 outecef:2019/03/22 15:36:23.500  -2005037.1431   5411160.9887   2707856.9135   1  17   0.0035   0.0059   0.0044  -0.0032   0.0043  -0.0021   2.00  999.9

2 outecef:2045 455801  -2005037.1431   5411160.9887   2707856.9135   1  17   0.0035   0.0059   0.0044  -0.0032   0.0043  -0.0021   2.00  999.9

2 outecef:2019/03/22 15:36:24.000  -2005037.1431   5411160.9887   2707856.9134   1  17   0.0034   0.0058   0.0043  -0.0032   0.0043  -0.0021   2.50  999.9

2 outecef:2045 455802  -2005037.1431   5411160.9887   2707856.9134   1  17   0.0034   0.0058   0.0043  -0.0032   0.0043  -0.0021   2.50  999.9

2 outecef:2019/03/22 15:36:24.500  -2005037.1431   5411160.9888   2707856.9134   1  17   0.0034   0.0057   0.0042  -0.0031   0.0042  -0.0020   0.00  999.9

2 outecef:2045 455802  -2005037.1431   5411160.9888   2707856.9134   1  17   0.0034   0.0057   0.0042  -0.0031   0.0042  -0.0020   0.00  999.9

2 outecef:2019/03/22 15:36:25.000  -2005037.1431   5411160.9889   2707856.9134   1  17   0.0033   0.0056   0.0041  -0.0031   0.0041  -0.0020   0.50  999.9

2 outecef:2045 455803  -2005037.1431   5411160.9889   2707856.9134   1  17   0.0033   0.0056   0.0041  -0.0031   0.0041  -0.0020   0.50  999.9

2 outecef:2019/03/22 15:36:25.500  -2005037.1432   5411160.9890   2707856.9133   1  17   0.0033   0.0055   0.0040  -0.0030   0.0040  -0.0020   1.00  999.9

2 outecef:2045 455803  -2005037.1432   5411160.9890   2707856.9133   1  17   0.0033   0.0055   0.0040  -0.0030   0.0040  -0.0020   1.00  999.9

2 outecef:2019/03/22 15:36:26.000  -2005037.1432   5411160.9890   2707856.9133   1  17   0.0032   0.0055   0.0040  -0.0030   0.0040  -0.0020   1.50  999.9

2 outecef:2045 455804  -2005037.1432   5411160.9890   2707856.9133   1  17   0.0032   0.0055   0.0040  -0.0030   0.0040  -0.0020   1.50  999.9

2 outecef:2019/03/22 15:36:26.500  -2005037.1432   5411160.9890   2707856.9133   1  17   0.0032   0.0054   0.0039  -0.0029   0.0039  -0.0019   0.00  999.9

2 outecef:2045 455804  -2005037.1432   5411160.9890   2707856.9133   1  17   0.0032   0.0054   0.0039  -0.0029   0.0039  -0.0019   0.00  999.9

2 outecef:2019/03/22 15:36:27.000  -2005037.1433   5411160.9890   2707856.9133   1  17   0.0031   0.0053   0.0038  -0.0029   0.0039  -0.0019   0.50  999.9

2 outecef:2045 455805  -2005037.1433   5411160.9890   2707856.9133   1  17   0.0031   0.0053   0.0038  -0.0029   0.0039  -0.0019   0.50  999.9

2 outecef:2019/03/22 15:36:27.500  -2005037.1433   5411160.9891   2707856.9134   1  17   0.0031   0.0053   0.0038  -0.0029   0.0038  -0.0019   1.00  999.9

2 outecef:2045 455805  -2005037.1433   5411160.9891   2707856.9134   1  17   0.0031   0.0053   0.0038  -0.0029   0.0038  -0.0019   1.00  999.9

2 outecef:2019/03/22 15:36:28.000  -2005037.1434   5411160.9891   2707856.9134   1  17   0.0031   0.0052   0.0037  -0.0028   0.0038  -0.0019   1.50  999.9

2 outecef:2045 455806  -2005037.1434   5411160.9891   2707856.9134   1  17   0.0031   0.0052   0.0037  -0.0028   0.0038  -0.0019   1.50  999.9

2 outecef:2019/03/22 15:36:28.500  -2005037.1434   5411160.9891   2707856.9135   1  17   0.0030   0.0051   0.0037  -0.0028   0.0037  -0.0018   2.00  999.9

2 outecef:2045 455806  -2005037.1434   5411160.9891   2707856.9135   1  17   0.0030   0.0051   0.0037  -0.0028   0.0037  -0.0018   2.00  999.9

2 outecef:2019/03/22 15:36:29.000  -2005037.1434   5411160.9891   2707856.9135   1  17   0.0030   0.0051   0.0036  -0.0028   0.0037  -0.0018   2.50  999.9

2 outecef:2045 455807  -2005037.1434   5411160.9891   2707856.9135   1  17   0.0030   0.0051   0.0036  -0.0028   0.0037  -0.0018   2.50  999.9

2 outecef:2019/03/22 15:36:29.500  -2005037.1434   5411160.9891   2707856.9135   1  17   0.0030   0.0050   0.0036  -0.0027   0.0036  -0.0018   0.00  999.9

2 outecef:2045 455807  -2005037.1434   5411160.9891   2707856.9135   1  17   0.0030   0.0050   0.0036  -0.0027   0.0036  -0.0018   0.00  999.9

2 outecef:2019/03/22 15:36:30.000  -2005037.1434   5411160.9892   2707856.9135   1  17   0.0029   0.0050   0.0035  -0.0027   0.0036  -0.0018   0.50  999.9

2 outecef:2045 455808  -2005037.1434   5411160.9892   2707856.9135   1  17   0.0029   0.0050   0.0035  -0.0027   0.0036  -0.0018   0.50  999.9

2 outecef:2019/03/22 15:36:30.500  -2005037.1434   5411160.9892   2707856.9135   1  17   0.0029   0.0049   0.0035  -0.0027   0.0035  -0.0018   1.00  999.9

2 outecef:2045 455808  -2005037.1434   5411160.9892   2707856.9135   1  17   0.0029   0.0049   0.0035  -0.0027   0.0035  -0.0018   1.00  999.9

2 outecef:2019/03/22 15:36:31.000  -2005037.1434   5411160.9892   2707856.9135   1  17   0.0029   0.0049   0.0034  -0.0026   0.0035  -0.0017   1.50  999.9

2 outecef:2045 455809  -2005037.1434   5411160.9892   2707856.9135   1  17   0.0029   0.0049   0.0034  -0.0026   0.0035  -0.0017   1.50  999.9

2 outecef:2019/03/22 15:36:31.500  -2005037.1434   5411160.9892   2707856.9134   1  17   0.0028   0.0048   0.0034  -0.0026   0.0035  -0.0017   2.00  999.9

2 outecef:2045 455809  -2005037.1434   5411160.9892   2707856.9134   1  17   0.0028   0.0048   0.0034  -0.0026   0.0035  -0.0017   2.00  999.9

2 outecef:2019/03/22 15:36:32.000  -2005037.1434   5411160.9892   2707856.9134   1  17   0.0028   0.0048   0.0033  -0.0026   0.0034  -0.0017   0.00  999.9

2 outecef:2045 455810  -2005037.1434   5411160.9892   2707856.9134   1  17   0.0028   0.0048   0.0033  -0.0026   0.0034  -0.0017   0.00  999.9

2 outecef:2019/03/22 15:36:32.500  -2005037.1434   5411160.9893   2707856.9135   1  17   0.0028   0.0047   0.0033  -0.0026   0.0034  -0.0017   0.50  999.9

2 outecef:2045 455810  -2005037.1434   5411160.9893   2707856.9135   1  17   0.0028   0.0047   0.0033  -0.0026   0.0034  -0.0017   0.50  999.9

2 outecef:2019/03/22 15:36:33.000  -2005037.1434   5411160.9895   2707856.9136   1  17   0.0027   0.0047   0.0032  -0.0025   0.0033  -0.0017   1.00  999.9

2 outecef:2045 455811  -2005037.1434   5411160.9895   2707856.9136   1  17   0.0027   0.0047   0.0032  -0.0025   0.0033  -0.0017   1.00  999.9

2 outecef:2019/03/22 15:36:33.500  -2005037.1435   5411160.9896   2707856.9137   1  17   0.0027   0.0046   0.0032  -0.0025   0.0033  -0.0017   1.50  999.9

2 outecef:2045 455811  -2005037.1435   5411160.9896   2707856.9137   1  17   0.0027   0.0046   0.0032  -0.0025   0.0033  -0.0017   1.50  999.9

2 outecef:2019/03/22 15:36:34.000  -2005037.1435   5411160.9898   2707856.9137   1  17   0.0027   0.0046   0.0032  -0.0025   0.0033  -0.0016   2.00  999.9

2 outecef:2045 455812  -2005037.1435   5411160.9898   2707856.9137   1  17   0.0027   0.0046   0.0032  -0.0025   0.0033  -0.0016   2.00  999.9

2 outecef:2019/03/22 15:36:34.500  -2005037.1435   5411160.9898   2707856.9138   1  17   0.0027   0.0046   0.0031  -0.0025   0.0032  -0.0016   0.00  999.9

2 outecef:2045 455812  -2005037.1435   5411160.9898   2707856.9138   1  17   0.0027   0.0046   0.0031  -0.0025   0.0032  -0.0016   0.00  999.9

2 outecef:2019/03/22 15:36:35.000  -2005037.1435   5411160.9897   2707856.9137   1  17   0.0026   0.0045   0.0031  -0.0025   0.0032  -0.0016   0.50  999.9

2 outecef:2045 455813  -2005037.1435   5411160.9897   2707856.9137   1  17   0.0026   0.0045   0.0031  -0.0025   0.0032  -0.0016   0.50  999.9

2 outecef:2019/03/22 15:36:35.500  -2005037.1434   5411160.9897   2707856.9137   1  17   0.0026   0.0045   0.0031  -0.0024   0.0032  -0.0016   1.00  999.9

2 outecef:2045 455813  -2005037.1434   5411160.9897   2707856.9137   1  17   0.0026   0.0045   0.0031  -0.0024   0.0032  -0.0016   1.00  999.9

2 outecef:2019/03/22 15:36:36.000  -2005037.1434   5411160.9897   2707856.9137   1  17   0.0026   0.0044   0.0030  -0.0024   0.0031  -0.0016   1.50  999.9

2 outecef:2045 455814  -2005037.1434   5411160.9897   2707856.9137   1  17   0.0026   0.0044   0.0030  -0.0024   0.0031  -0.0016   1.50  999.9

2 outecef:2019/03/22 15:36:36.500  -2005037.1434   5411160.9896   2707856.9136   1  17   0.0026   0.0044   0.0030  -0.0024   0.0031  -0.0016   2.00  999.9

2 outecef:2045 455814  -2005037.1434   5411160.9896   2707856.9136   1  17   0.0026   0.0044   0.0030  -0.0024   0.0031  -0.0016   2.00  999.9

2 outecef:2019/03/22 15:36:37.000  -2005037.1434   5411160.9896   2707856.9136   1  17   0.0026   0.0044   0.0030  -0.0024   0.0031  -0.0015   0.00  999.9

2 outecef:2045 455815  -2005037.1434   5411160.9896   2707856.9136   1  17   0.0026   0.0044   0.0030  -0.0024   0.0031  -0.0015   0.00  999.9

2 outecef:2019/03/22 15:36:37.500  -2005037.1434   5411160.9897   2707856.9137   1  17   0.0025   0.0043   0.0029  -0.0023   0.0031  -0.0015   0.50  999.9

2 outecef:2045 455815  -2005037.1434   5411160.9897   2707856.9137   1  17   0.0025   0.0043   0.0029  -0.0023   0.0031  -0.0015   0.50  999.9

2 outecef:2019/03/22 15:36:38.000  -2005037.1434   5411160.9898   2707856.9138   1  17   0.0025   0.0043   0.0029  -0.0023   0.0030  -0.0015   1.00  999.9

2 outecef:2045 455816  -2005037.1434   5411160.9898   2707856.9138   1  17   0.0025   0.0043   0.0029  -0.0023   0.0030  -0.0015   1.00  999.9

2 outecef:2019/03/22 15:36:38.500  -2005037.1434   5411160.9899   2707856.9139   1  17   0.0025   0.0043   0.0029  -0.0023   0.0030  -0.0015   1.50  999.9

2 outecef:2045 455816  -2005037.1434   5411160.9899   2707856.9139   1  17   0.0025   0.0043   0.0029  -0.0023   0.0030  -0.0015   1.50  999.9

2 outecef:2019/03/22 15:36:39.000  -2005037.1435   5411160.9900   2707856.9139   1  17   0.0025   0.0042   0.0029  -0.0023   0.0030  -0.0015   2.00  999.9

2 outecef:2045 455817  -2005037.1435   5411160.9900   2707856.9139   1  17   0.0025   0.0042   0.0029  -0.0023   0.0030  -0.0015   2.00  999.9

2 outecef:2019/03/22 15:36:39.500  -2005037.1434   5411160.9900   2707856.9139   1  17   0.0025   0.0042   0.0028  -0.0023   0.0030  -0.0015   0.00  999.9

2 outecef:2045 455817  -2005037.1434   5411160.9900   2707856.9139   1  17   0.0025   0.0042   0.0028  -0.0023   0.0030  -0.0015   0.00  999.9

2 outecef:2019/03/22 15:36:40.000  -2005037.1434   5411160.9900   2707856.9139   1  17   0.0024   0.0042   0.0028  -0.0023   0.0029  -0.0015   0.50  999.9

2 outecef:2045 455818  -2005037.1434   5411160.9900   2707856.9139   1  17   0.0024   0.0042   0.0028  -0.0023   0.0029  -0.0015   0.50  999.9

2 outecef:2019/03/22 15:36:40.500  -2005037.1435   5411160.9899   2707856.9138   1  17   0.0024   0.0041   0.0028  -0.0022   0.0029  -0.0015   1.00  999.9

2 outecef:2045 455818  -2005037.1435   5411160.9899   2707856.9138   1  17   0.0024   0.0041   0.0028  -0.0022   0.0029  -0.0015   1.00  999.9

2 outecef:2019/03/22 15:36:41.000  -2005037.1435   5411160.9899   2707856.9138   1  17   0.0024   0.0041   0.0028  -0.0022   0.0029  -0.0015   1.50  999.9

2 outecef:2045 455819  -2005037.1435   5411160.9899   2707856.9138   1  17   0.0024   0.0041   0.0028  -0.0022   0.0029  -0.0015   1.50  999.9

2 outecef:2019/03/22 15:36:41.500  -2005037.1435   5411160.9897   2707856.9137   1  17   0.0024   0.0041   0.0027  -0.0022   0.0029  -0.0014   2.00  999.9

2 outecef:2045 455819  -2005037.1435   5411160.9897   2707856.9137   1  17   0.0024   0.0041   0.0027  -0.0022   0.0029  -0.0014   2.00  999.9

2 outecef:2019/03/22 15:36:42.000  -2005037.1435   5411160.9897   2707856.9136   1  17   0.0024   0.0040   0.0027  -0.0022   0.0028  -0.0014   2.50  999.9

2 outecef:2045 455820  -2005037.1435   5411160.9897   2707856.9136   1  17   0.0024   0.0040   0.0027  -0.0022   0.0028  -0.0014   2.50  999.9

2 outecef:2019/03/22 15:36:42.500  -2005037.1435   5411160.9897   2707856.9136   1  17   0.0023   0.0040   0.0027  -0.0022   0.0028  -0.0014   0.00  999.9

2 outecef:2045 455820  -2005037.1435   5411160.9897   2707856.9136   1  17   0.0023   0.0040   0.0027  -0.0022   0.0028  -0.0014   0.00  999.9

2 outecef:2019/03/22 15:36:43.000  -2005037.1435   5411160.9898   2707856.9137   1  17   0.0023   0.0040   0.0027  -0.0022   0.0028  -0.0014   0.50  999.9

2 outecef:2045 455821  -2005037.1435   5411160.9898   2707856.9137   1  17   0.0023   0.0040   0.0027  -0.0022   0.0028  -0.0014   0.50  999.9

2 outecef:2019/03/22 15:36:43.500  -2005037.1435   5411160.9898   2707856.9137   1  17   0.0023   0.0040   0.0027  -0.0021   0.0028  -0.0014   1.00  999.9

2 outecef:2045 455821  -2005037.1435   5411160.9898   2707856.9137   1  17   0.0023   0.0040   0.0027  -0.0021   0.0028  -0.0014   1.00  999.9

2 outecef:2019/03/22 15:36:44.000  -2005037.1434   5411160.9899   2707856.9137   1  17   0.0023   0.0039   0.0026  -0.0021   0.0028  -0.0014   1.50  999.9

2 outecef:2045 455822  -2005037.1434   5411160.9899   2707856.9137   1  17   0.0023   0.0039   0.0026  -0.0021   0.0028  -0.0014   1.50  999.9

2 outecef:2019/03/22 15:36:44.500  -2005037.1434   5411160.9899   2707856.9137   1  17   0.0023   0.0039   0.0026  -0.0021   0.0027  -0.0014   0.00  999.9

2 outecef:2045 455822  -2005037.1434   5411160.9899   2707856.9137   1  17   0.0023   0.0039   0.0026  -0.0021   0.0027  -0.0014   0.00  999.9

2 outecef:2019/03/22 15:36:45.000  -2005037.1434   5411160.9899   2707856.9136   1  17   0.0023   0.0039   0.0026  -0.0021   0.0027  -0.0014   0.50  999.9

2 outecef:2045 455823  -2005037.1434   5411160.9899   2707856.9136   1  17   0.0023   0.0039   0.0026  -0.0021   0.0027  -0.0014   0.50  999.9

2 outecef:2019/03/22 15:36:45.500  -2005037.1434   5411160.9899   2707856.9136   1  17   0.0022   0.0039   0.0026  -0.0021   0.0027  -0.0014   1.00  999.9

2 outecef:2045 455823  -2005037.1434   5411160.9899   2707856.9136   1  17   0.0022   0.0039   0.0026  -0.0021   0.0027  -0.0014   1.00  999.9

2 outecef:2019/03/22 15:36:46.000  -2005037.1434   5411160.9899   2707856.9136   1  17   0.0022   0.0038   0.0026  -0.0021   0.0027  -0.0014   1.50  999.9

2 outecef:2045 455824  -2005037.1434   5411160.9899   2707856.9136   1  17   0.0022   0.0038   0.0026  -0.0021   0.0027  -0.0014   1.50  999.9

2 outecef:2019/03/22 15:36:46.500  -2005037.1434   5411160.9899   2707856.9136   1  17   0.0022   0.0038   0.0025  -0.0021   0.0027  -0.0013   2.00  999.9

2 outecef:2045 455824  -2005037.1434   5411160.9899   2707856.9136   1  17   0.0022   0.0038   0.0025  -0.0021   0.0027  -0.0013   2.00  999.9

2 outecef:2019/03/22 15:36:47.000  -2005037.1434   5411160.9899   2707856.9135   1  17   0.0022   0.0038   0.0025  -0.0020   0.0027  -0.0013   2.50  999.9

2 outecef:2045 455825  -2005037.1434   5411160.9899   2707856.9135   1  17   0.0022   0.0038   0.0025  -0.0020   0.0027  -0.0013   2.50  999.9

2 outecef:2019/03/22 15:36:47.500  -2005037.1434   5411160.9899   2707856.9135   1  17   0.0022   0.0038   0.0025  -0.0020   0.0026  -0.0013   0.00  999.9

2 outecef:2045 455825  -2005037.1434   5411160.9899   2707856.9135   1  17   0.0022   0.0038   0.0025  -0.0020   0.0026  -0.0013   0.00  999.9

2 outecef:2019/03/22 15:36:48.000  -2005037.1434   5411160.9899   2707856.9136   1  17   0.0022   0.0037   0.0025  -0.0020   0.0026  -0.0013   0.50  999.9

2 outecef:2045 455826  -2005037.1434   5411160.9899   2707856.9136   1  17   0.0022   0.0037   0.0025  -0.0020   0.0026  -0.0013   0.50  999.9

2 outecef:2019/03/22 15:36:48.500  -2005037.1434   5411160.9900   2707856.9136   1  17   0.0022   0.0037   0.0025  -0.0020   0.0026  -0.0013   1.00  999.9

2 outecef:2045 455826  -2005037.1434   5411160.9900   2707856.9136   1  17   0.0022   0.0037   0.0025  -0.0020   0.0026  -0.0013   1.00  999.9

2 outecef:2019/03/22 15:36:49.000  -2005037.1434   5411160.9900   2707856.9136   1  17   0.0021   0.0037   0.0025  -0.0020   0.0026  -0.0013   1.50  999.9

2 outecef:2045 455827  -2005037.1434   5411160.9900   2707856.9136   1  17   0.0021   0.0037   0.0025  -0.0020   0.0026  -0.0013   1.50  999.9

2 outecef:2019/03/22 15:36:49.500  -2005037.1433   5411160.9901   2707856.9136   1  17   0.0021   0.0037   0.0024  -0.0020   0.0026  -0.0013   2.00  999.9

2 outecef:2045 455827  -2005037.1433   5411160.9901   2707856.9136   1  17   0.0021   0.0037   0.0024  -0.0020   0.0026  -0.0013   2.00  999.9

2 outecef:2019/03/22 15:36:50.000  -2005037.1433   5411160.9901   2707856.9136   1  17   0.0021   0.0037   0.0024  -0.0020   0.0026  -0.0013   0.00  999.9

2 outecef:2045 455828  -2005037.1433   5411160.9901   2707856.9136   1  17   0.0021   0.0037   0.0024  -0.0020   0.0026  -0.0013   0.00  999.9

2 outecef:2019/03/22 15:36:50.500  -2005037.1433   5411160.9901   2707856.9137   1  17   0.0021   0.0036   0.0024  -0.0020   0.0025  -0.0013   0.50  999.9

2 outecef:2045 455828  -2005037.1433   5411160.9901   2707856.9137   1  17   0.0021   0.0036   0.0024  -0.0020   0.0025  -0.0013   0.50  999.9

2 outecef:2019/03/22 15:36:51.000  -2005037.1433   5411160.9901   2707856.9137   1  17   0.0021   0.0036   0.0024  -0.0020   0.0025  -0.0013   1.00  999.9

2 outecef:2045 455829  -2005037.1433   5411160.9901   2707856.9137   1  17   0.0021   0.0036   0.0024  -0.0020   0.0025  -0.0013   1.00  999.9

2 outecef:2019/03/22 15:36:51.500  -2005037.1433   5411160.9901   2707856.9137   1  17   0.0021   0.0036   0.0024  -0.0019   0.0025  -0.0013   1.50  999.9

2 outecef:2045 455829  -2005037.1433   5411160.9901   2707856.9137   1  17   0.0021   0.0036   0.0024  -0.0019   0.0025  -0.0013   1.50  999.9

2 outecef:2019/03/22 15:36:52.000  -2005037.1433   5411160.9901   2707856.9137   1  17   0.0021   0.0036   0.0024  -0.0019   0.0025  -0.0013   2.00  999.9

2 outecef:2045 455830  -2005037.1433   5411160.9901   2707856.9137   1  17   0.0021   0.0036   0.0024  -0.0019   0.0025  -0.0013   2.00  999.9

2 outecef:2019/03/22 15:36:52.500  -2005037.1433   5411160.9900   2707856.9136   1  18   0.0021   0.0035   0.0023  -0.0019   0.0025  -0.0013   0.00  999.9

2 outecef:2045 455830  -2005037.1433   5411160.9900   2707856.9136   1  18   0.0021   0.0035   0.0023  -0.0019   0.0025  -0.0013   0.00  999.9

2 outecef:2019/03/22 15:36:53.000  -2005037.1433   5411160.9900   2707856.9136   1  18   0.0021   0.0035   0.0023  -0.0019   0.0025  -0.0012   0.50  999.9

2 outecef:2045 455831  -2005037.1433   5411160.9900   2707856.9136   1  18   0.0021   0.0035   0.0023  -0.0019   0.0025  -0.0012   0.50  999.9

2 outecef:2019/03/22 15:36:53.500  -2005037.1433   5411160.9900   2707856.9137   1  18   0.0020   0.0035   0.0023  -0.0019   0.0025  -0.0012   1.00  999.9

2 outecef:2045 455831  -2005037.1433   5411160.9900   2707856.9137   1  18   0.0020   0.0035   0.0023  -0.0019   0.0025  -0.0012   1.00  999.9

2 outecef:2019/03/22 15:36:54.000  -2005037.1433   5411160.9900   2707856.9137   1  18   0.0020   0.0035   0.0023  -0.0019   0.0024  -0.0012   1.50  999.9

2 outecef:2045 455832  -2005037.1433   5411160.9900   2707856.9137   1  18   0.0020   0.0035   0.0023  -0.0019   0.0024  -0.0012   1.50  999.9

2 outecef:2019/03/22 15:36:54.500  -2005037.1433   5411160.9900   2707856.9137   1  18   0.0020   0.0035   0.0023  -0.0019   0.0024  -0.0012   2.00  999.9

2 outecef:2045 455832  -2005037.1433   5411160.9900   2707856.9137   1  18   0.0020   0.0035   0.0023  -0.0019   0.0024  -0.0012   2.00  999.9

2 outecef:2019/03/22 15:36:55.000  -2005037.1433   5411160.9900   2707856.9137   1  18   0.0020   0.0034   0.0023  -0.0019   0.0024  -0.0012   0.00  999.9

2 outecef:2045 455833  -2005037.1433   5411160.9900   2707856.9137   1  18   0.0020   0.0034   0.0023  -0.0019   0.0024  -0.0012   0.00  999.9

2 outecef:2019/03/22 15:36:55.500  -2005037.1433   5411160.9900   2707856.9138   1  18   0.0020   0.0034   0.0023  -0.0019   0.0024  -0.0012   0.50  999.9

2 outecef:2045 455833  -2005037.1433   5411160.9900   2707856.9138   1  18   0.0020   0.0034   0.0023  -0.0019   0.0024  -0.0012   0.50  999.9

2 outecef:2019/03/22 15:36:56.000  -2005037.1433   5411160.9901   2707856.9138   1  18   0.0020   0.0034   0.0022  -0.0019   0.0024  -0.0012   1.00  999.9

2 outecef:2045 455834  -2005037.1433   5411160.9901   2707856.9138   1  18   0.0020   0.0034   0.0022  -0.0019   0.0024  -0.0012   1.00  999.9

2 outecef:2019/03/22 15:36:56.500  -2005037.1433   5411160.9901   2707856.9138   1  18   0.0020   0.0034   0.0022  -0.0018   0.0024  -0.0012   1.50  999.9

2 outecef:2045 455834  -2005037.1433   5411160.9901   2707856.9138   1  18   0.0020   0.0034   0.0022  -0.0018   0.0024  -0.0012   1.50  999.9

2 outecef:2019/03/22 15:36:57.000  -2005037.1433   5411160.9900   2707856.9138   1  18   0.0020   0.0034   0.0022  -0.0018   0.0023  -0.0012   2.00  999.9

2 outecef:2045 455835  -2005037.1433   5411160.9900   2707856.9138   1  18   0.0020   0.0034   0.0022  -0.0018   0.0023  -0.0012   2.00  999.9

2 outecef:2019/03/22 15:36:57.500  -2005037.1433   5411160.9901   2707856.9138   1  18   0.0020   0.0033   0.0022  -0.0018   0.0023  -0.0012   0.00  999.9

2 outecef:2045 455835  -2005037.1433   5411160.9901   2707856.9138   1  18   0.0020   0.0033   0.0022  -0.0018   0.0023  -0.0012   0.00  999.9

2 outecef:2019/03/22 15:36:58.000  -2005037.1433   5411160.9900   2707856.9138   1  18   0.0019   0.0033   0.0022  -0.0018   0.0023  -0.0012   0.50  999.9

2 outecef:2045 455836  -2005037.1433   5411160.9900   2707856.9138   1  18   0.0019   0.0033   0.0022  -0.0018   0.0023  -0.0012   0.50  999.9

2 outecef:2019/03/22 15:36:58.500  -2005037.1433   5411160.9900   2707856.9138   1  18   0.0019   0.0033   0.0022  -0.0018   0.0023  -0.0012   1.00  999.9

2 outecef:2045 455836  -2005037.1433   5411160.9900   2707856.9138   1  18   0.0019   0.0033   0.0022  -0.0018   0.0023  -0.0012   1.00  999.9

2 outecef:2019/03/22 15:36:59.000  -2005037.1433   5411160.9899   2707856.9137   1  18   0.0019   0.0033   0.0022  -0.0018   0.0023  -0.0012   1.50  999.9

2 outecef:2045 455837  -2005037.1433   5411160.9899   2707856.9137   1  18   0.0019   0.0033   0.0022  -0.0018   0.0023  -0.0012   1.50  999.9

2 outecef:2019/03/22 15:36:59.500  -2005037.1432   5411160.9899   2707856.9137   1  18   0.0019   0.0033   0.0021  -0.0018   0.0023  -0.0012   2.00  999.9

2 outecef:2045 455837  -2005037.1432   5411160.9899   2707856.9137   1  18   0.0019   0.0033   0.0021  -0.0018   0.0023  -0.0012   2.00  999.9

2 outecef:2019/03/22 15:37:00.000  -2005037.1432   5411160.9899   2707856.9137   1  18   0.0019   0.0033   0.0021  -0.0018   0.0023  -0.0012   0.00  999.9

2 outecef:2045 455838  -2005037.1432   5411160.9899   2707856.9137   1  18   0.0019   0.0033   0.0021  -0.0018   0.0023  -0.0012   0.00  999.9

2 outecef:2019/03/22 15:37:00.500  -2005037.1433   5411160.9899   2707856.9137   1  18   0.0019   0.0032   0.0021  -0.0018   0.0022  -0.0012   0.50  999.9

2 outecef:2045 455838  -2005037.1433   5411160.9899   2707856.9137   1  18   0.0019   0.0032   0.0021  -0.0018   0.0022  -0.0012   0.50  999.9

2 outecef:2019/03/22 15:37:01.000  -2005037.1433   5411160.9899   2707856.9137   1  18   0.0019   0.0032   0.0021  -0.0018   0.0022  -0.0012   1.00  999.9

2 outecef:2045 455839  -2005037.1433   5411160.9899   2707856.9137   1  18   0.0019   0.0032   0.0021  -0.0018   0.0022  -0.0012   1.00  999.9

2 outecef:2019/03/22 15:37:01.500  -2005037.1433   5411160.9899   2707856.9137   1  18   0.0019   0.0032   0.0021  -0.0018   0.0022  -0.0012   1.50  999.9

2 outecef:2045 455839  -2005037.1433   5411160.9899   2707856.9137   1  18   0.0019   0.0032   0.0021  -0.0018   0.0022  -0.0012   1.50  999.9

2 outecef:2019/03/22 15:37:02.000  -2005037.1433   5411160.9898   2707856.9137   1  18   0.0019   0.0032   0.0021  -0.0018   0.0022  -0.0012   2.00  999.9

2 outecef:2045 455840  -2005037.1433   5411160.9898   2707856.9137   1  18   0.0019   0.0032   0.0021  -0.0018   0.0022  -0.0012   2.00  999.9

2 outecef:2019/03/22 15:37:02.500  -2005037.1433   5411160.9899   2707856.9137   1  18   0.0019   0.0032   0.0021  -0.0018   0.0022  -0.0011   0.00  999.9

2 outecef:2045 455840  -2005037.1433   5411160.9899   2707856.9137   1  18   0.0019   0.0032   0.0021  -0.0018   0.0022  -0.0011   0.00  999.9

2 outecef:2019/03/22 15:37:03.000  -2005037.1433   5411160.9898   2707856.9137   1  18   0.0019   0.0032   0.0021  -0.0017   0.0022  -0.0011   0.50  999.9

2 outecef:2045 455841  -2005037.1433   5411160.9898   2707856.9137   1  18   0.0019   0.0032   0.0021  -0.0017   0.0022  -0.0011   0.50  999.9

2 outecef:2019/03/22 15:37:03.500  -2005037.1433   5411160.9898   2707856.9137   1  18   0.0018   0.0031   0.0020  -0.0017   0.0022  -0.0011   1.00  999.9

2 outecef:2045 455841  -2005037.1433   5411160.9898   2707856.9137   1  18   0.0018   0.0031   0.0020  -0.0017   0.0022  -0.0011   1.00  999.9

2 outecef:2019/03/22 15:37:04.000  -2005037.1433   5411160.9898   2707856.9137   1  18   0.0018   0.0031   0.0020  -0.0017   0.0022  -0.0011   1.50  999.9

2 outecef:2045 455842  -2005037.1433   5411160.9898   2707856.9137   1  18   0.0018   0.0031   0.0020  -0.0017   0.0022  -0.0011   1.50  999.9

2 outecef:2019/03/22 15:37:04.500  -2005037.1433   5411160.9898   2707856.9137   1  18   0.0018   0.0031   0.0020  -0.0017   0.0021  -0.0011   2.00  999.9

2 outecef:2045 455842  -2005037.1433   5411160.9898   2707856.9137   1  18   0.0018   0.0031   0.0020  -0.0017   0.0021  -0.0011   2.00  999.9

2 outecef:2019/03/22 15:37:05.000  -2005037.1433   5411160.9898   2707856.9137   1  18   0.0018   0.0031   0.0020  -0.0017   0.0021  -0.0011   2.50  999.9

2 outecef:2045 455843  -2005037.1433   5411160.9898   2707856.9137   1  18   0.0018   0.0031   0.0020  -0.0017   0.0021  -0.0011   2.50  999.9

2 outecef:2019/03/22 15:37:05.500  -2005037.1433   5411160.9898   2707856.9137   1  18   0.0018   0.0031   0.0020  -0.0017   0.0021  -0.0011   0.00  999.9

2 outecef:2045 455843  -2005037.1433   5411160.9898   2707856.9137   1  18   0.0018   0.0031   0.0020  -0.0017   0.0021  -0.0011   0.00  999.9

2 outecef:2019/03/22 15:37:06.000  -2005037.1433   5411160.9898   2707856.9137   1  18   0.0018   0.0031   0.0020  -0.0017   0.0021  -0.0011   0.50  999.9

2 outecef:2045 455844  -2005037.1433   5411160.9898   2707856.9137   1  18   0.0018   0.0031   0.0020  -0.0017   0.0021  -0.0011   0.50  999.9

2 outecef:2019/03/22 15:37:06.500  -2005037.1433   5411160.9898   2707856.9137   1  18   0.0018   0.0031   0.0020  -0.0017   0.0021  -0.0011   1.00  999.9

2 outecef:2045 455844  -2005037.1433   5411160.9898   2707856.9137   1  18   0.0018   0.0031   0.0020  -0.0017   0.0021  -0.0011   1.00  999.9

2 outecef:2019/03/22 15:37:07.000  -2005037.1433   5411160.9898   2707856.9137   1  18   0.0018   0.0030   0.0020  -0.0017   0.0021  -0.0011   1.50  999.9

2 outecef:2045 455845  -2005037.1433   5411160.9898   2707856.9137   1  18   0.0018   0.0030   0.0020  -0.0017   0.0021  -0.0011   1.50  999.9

2 outecef:2019/03/22 15:37:07.500  -2005037.1433   5411160.9898   2707856.9137   1  18   0.0018   0.0030   0.0020  -0.0017   0.0021  -0.0011   2.00  999.9

2 outecef:2045 455845  -2005037.1433   5411160.9898   2707856.9137   1  18   0.0018   0.0030   0.0020  -0.0017   0.0021  -0.0011   2.00  999.9

2 outecef:2019/03/22 15:37:08.000  -2005037.1433   5411160.9898   2707856.9138   1  18   0.0018   0.0030   0.0020  -0.0017   0.0021  -0.0011   0.00  999.9

2 outecef:2045 455846  -2005037.1433   5411160.9898   2707856.9138   1  18   0.0018   0.0030   0.0020  -0.0017   0.0021  -0.0011   0.00  999.9

2 outecef:2019/03/22 15:37:08.500  -2005037.1433   5411160.9898   2707856.9138   1  18   0.0018   0.0030   0.0019  -0.0017   0.0021  -0.0011   0.50  999.9

2 outecef:2045 455846  -2005037.1433   5411160.9898   2707856.9138   1  18   0.0018   0.0030   0.0019  -0.0017   0.0021  -0.0011   0.50  999.9

2 outecef:2019/03/22 15:37:09.000  -2005037.1433   5411160.9898   2707856.9138   1  18   0.0018   0.0030   0.0019  -0.0017   0.0021  -0.0011   1.00  999.9

2 outecef:2045 455847  -2005037.1433   5411160.9898   2707856.9138   1  18   0.0018   0.0030   0.0019  -0.0017   0.0021  -0.0011   1.00  999.9

