3    12.664: writesol: index=0
3 outsols :
2 outecef:2019/03/22 15:37:00.000  -2005037.1431   5411160.9911   2707856.9144   2   6   0.0305   0.0624   0.0729  -0.0275   0.0618  -0.0178   0.00    0.0

4    12.665: strwrite: n=149
3    12.665: writetcpcli: sock=616 state=1 n=149
4    12.665: waittcpcli: sock=616 state=1
4    12.665: consock: sock=616
3 outsolexs:
4    12.665: strwrite: n=0
3    12.665: writetcpcli: sock=616 state=1 n=0
4    12.665: waittcpcli: sock=616 state=1
4    12.665: consock: sock=616
3 outsols :
2 outecef:2045 455838  -2005037.1431   5411160.9911   2707856.9144   2   6   0.0305   0.0624   0.0729  -0.0275   0.0618  -0.0178   0.00    0.0

4    12.665: strwrite: n=137
3 outsolexs:
4    12.665: strwrite: n=0
3 outsols :
3 outpos  :
4    12.666: strwrite: n=141
3 rtkpos  : time=2019/03/22 06:37:18.490 n=54
4 obs=
 ( 1) 2019/03/22 06:37:18.490 G03 rcv1 119023250.330         0.000  22649370.252         0.000 64 0 1 0 34.0 0.0
 ( 2) 2019/03/22 06:37:18.490 G04 rcv1 105842456.177         0.000  20141151.635         0.000 64 0 1 0 41.0 0.0
 ( 3) 2019/03/22 06:37:18.490 G07 rcv1 111174496.030         0.000  21155807.878         0.000 0 0 1 0 39.0 0.0
 ( 4) 2019/03/22 06:37:18.490 G08 rcv1  91924796.070         0.000  17492707.694         0.000 0 0 1 0 50.0 0.0
 ( 5) 2019/03/22 06:37:18.490 G09 rcv1  99937844.073         0.000  19017539.671         0.000 0 0 1 0 47.0 0.0
 ( 6) 2019/03/22 06:37:18.490 G11 rcv1 112785228.783         0.000  21462316.468         0.000 64 0 1 0 38.0 0.0
 ( 7) 2019/03/22 06:37:18.490 G16 rcv1  99561851.360         0.000  18945990.759         0.000 0 0 1 0 45.0 0.0
 ( 8) 2019/03/22 06:37:18.490 G18 rcv1 112797125.629         0.000  21464586.340         0.000 64 0 1 0 37.0 0.0
 ( 9) 2019/03/22 06:37:18.490 G23 rcv1  94866931.146         0.000  18052579.921         0.000 64 0 1 0 47.0 0.0
 (10) 2019/03/22 06:37:18.490 G26 rcv1 108619936.088         0.000  20669691.247         0.000 0 0 1 0 39.0 0.0
 (11) 2019/03/22 06:37:18.490 G27 rcv1  91163786.804         0.000  17347890.902         0.000 64 0 1 0 50.0 0.0
 (12) 2019/03/22 06:37:18.490 G31 rcv1 114548485.197         0.000  21797856.182         0.000 64 0 1 0 41.0 0.0
 (13) 2019/03/22 06:37:18.490 C01 rcv1 178386539.603         0.000  34257258.352         0.000 64 0 47 0 41.0 0.0
 (14) 2019/03/22 06:37:18.490 C02 rcv1 179392589.246         0.000  34450463.150         0.000 0 0 47 0 39.0 0.0
 (15) 2019/03/22 06:37:18.490 C03 rcv1 174663100.653         0.000  33542225.490         0.000 64 0 47 0 43.0 0.0
 (16) 2019/03/22 06:37:18.490 C04 rcv1 186655565.615         0.000  35845246.036         0.000 0 0 47 0 37.0 0.0
 (17) 2019/03/22 06:37:18.490 C05 rcv1 188228378.021         0.000  36147287.038         0.000 3 0 47 0 34.0 0.0
 (18) 2019/03/22 06:37:18.490 C06 rcv1 181501455.819         0.000  34855472.547         0.000 64 0 47 0 36.0 0.0
 (19) 2019/03/22 06:37:18.490 C07 rcv1 175867879.861         0.000  33773613.545         0.000 0 0 47 0 43.0 0.0
 (20) 2019/03/22 06:37:18.490 C09 rcv1 175379803.053         0.000  33679875.599         0.000 64 0 47 0 38.0 0.0
 (21) 2019/03/22 06:37:18.490 C10 rcv1 178298529.899         0.000  34240385.719         0.000 0 0 47 0 42.0 0.0
 (22) 2019/03/22 06:37:18.490 C11 rcv1  99085917.261         0.000  19028446.560         0.000 0 0 47 0 46.0 0.0
 (23) 2019/03/22 06:37:18.490 C16 rcv1 182514571.744         0.000  35050039.770         0.000 64 0 47 0 40.0 0.0
 (24) 2019/03/22 06:37:18.490 C18 rcv1 176790141.786         0.000  33950709.767         0.000 64 0 47 0 44.0 0.0
 (25) 2019/03/22 06:37:18.490 C23 rcv1 110157630.914         0.000  21154638.588         0.000 64 0 47 0 42.0 0.0
 (26) 2019/03/22 06:37:18.490 C24 rcv1 114574002.420         0.000  22002772.446         0.000 0 0 47 0 40.0 0.0
 (27) 2019/03/22 06:37:18.490 C25 rcv1 100963073.105         0.000  19388935.392         0.000 64 0 47 0 47.0 0.0
 (28) 2019/03/22 06:37:17.990 G03 rcv2 119022290.127         0.000  22649187.565         0.000 64 0 1 0 34.0 0.0
 (29) 2019/03/22 06:37:17.990 G04 rcv2 105843407.518         0.000  20141332.629         0.000 64 0 1 0 41.0 0.0
 (30) 2019/03/22 06:37:17.990 G07 rcv2 111175818.821         0.000  21156059.702         0.000 0 0 1 0 38.0 0.0
 (31) 2019/03/22 06:37:17.990 G08 rcv2  91925254.510         0.000  17492794.962         0.000 0 0 1 0 50.0 0.0
 (32) 2019/03/22 06:37:17.990 G09 rcv2  99938311.279         0.000  19017628.650         0.000 0 0 1 0 48.0 0.0
 (33) 2019/03/22 06:37:17.990 G11 rcv2 112786779.398         0.000  21462611.656         0.000 64 0 1 0 38.0 0.0
 (34) 2019/03/22 06:37:17.990 G16 rcv2  99560756.416         0.000  18945782.334         0.000 0 0 1 0 45.0 0.0
 (35) 2019/03/22 06:37:17.990 G18 rcv2 112798523.559         0.000  21464852.438         0.000 64 0 1 0 37.0 0.0
 (36) 2019/03/22 06:37:17.990 G23 rcv2  94866506.434         0.000  18052498.987         0.000 64 0 1 0 47.0 0.0
 (37) 2019/03/22 06:37:17.990 G26 rcv2 108618720.956         0.000  20669460.223         0.000 0 0 1 0 39.0 0.0
 (38) 2019/03/22 06:37:17.990 G27 rcv2  91163127.692         0.000  17347765.417         0.000 64 0 1 0 50.0 0.0
 (39) 2019/03/22 06:37:17.990 G31 rcv2 114547100.213         0.000  21797592.597         0.000 64 0 1 0 41.0 0.0
 (40) 2019/03/22 06:37:17.990 C01 rcv2 178386386.154         0.000  34257228.268         0.000 64 0 47 0 36.0 0.0
 (41) 2019/03/22 06:37:17.990 C02 rcv2 179392429.733         0.000  34450432.071         0.000 0 0 47 0 34.0 0.0
 (42) 2019/03/22 06:37:17.990 C03 rcv2 174662950.659         0.000  33542195.981         0.000 64 0 47 0 38.0 0.0
 (43) 2019/03/22 06:37:17.990 C04 rcv2 186655415.893         0.000  35845216.685         0.000 0 0 47 0 34.0 0.0
 (44) 2019/03/22 06:37:17.990 C05 rcv2 188228220.265         0.000  36147256.832         0.000 3 0 47 0 30.0 0.0
 (45) 2019/03/22 06:37:17.990 C06 rcv2 181500518.548         0.000  34855292.025         0.000 64 0 47 0 32.0 0.0
 (46) 2019/03/22 06:37:17.990 C07 rcv2 175867729.064         0.000  33773583.844         0.000 0 0 47 0 39.0 0.0
 (47) 2019/03/22 06:37:17.990 C09 rcv2 175378982.586         0.000  33679717.396         0.000 64 0 47 0 36.0 0.0
 (48) 2019/03/22 06:37:17.990 C10 rcv2 178298359.019         0.000  34240351.936         0.000 0 0 47 0 37.0 0.0
 (49) 2019/03/22 06:37:17.990 C11 rcv2  99085949.838         0.000  19028451.778         0.000 0 0 47 0 41.0 0.0
 (50) 2019/03/22 06:37:17.990 C16 rcv2 182513597.583         0.000  35049851.971         0.000 64 0 47 0 36.0 0.0
 (51) 2019/03/22 06:37:17.990 C18 rcv2 176790101.794         0.000  33950701.164         0.000 64 0 47 0 40.0 0.0
 (52) 2019/03/22 06:37:17.990 C23 rcv2 110158416.375         0.000  21154788.765         0.000 64 0 47 0 38.0 0.0
 (53) 2019/03/22 06:37:17.990 C24 rcv2 114573073.064         0.000  22002593.476         0.000 0 0 47 0 37.0 0.0
 (54) 2019/03/22 06:37:17.990 C25 rcv2 100963071.362         0.000  19388933.822         0.000 64 0 47 0 42.0 0.0
3 pntpos  : tobs=2019/03/22 06:37:18.490 n=27
3 satposs : teph=2019/03/22 06:37:18.490 n=27 ephopt=0
4 ephclk  : time=2019/03/22 06:37:18.414 sat= 3
4 seleph  : time=2019/03/22 06:37:18.490 sat= 3 iode=-1
4 eph2clk : time=2019/03/22 06:37:18.414 sat= 3
4 satpos  : time=2019/03/22 06:37:18.414 sat= 3 ephopt=0
4 ephpos  : time=2019/03/22 06:37:18.414 sat= 3 iode=-1
4 seleph  : time=2019/03/22 06:37:18.490 sat= 3 iode=-1
4 eph2pos : time=2019/03/22 06:37:18.414 sat= 3
4 kepler: sat= 3 e= 0.00194 n= 3 del= 4.441e-16
4 eph2pos : time=2019/03/22 06:37:18.415 sat= 3
4 kepler: sat= 3 e= 0.00194 n= 3 del= 0.000e+00
4 ephclk  : time=2019/03/22 06:37:18.423 sat= 4
4 seleph  : time=2019/03/22 06:37:18.490 sat= 4 iode=-1
4 eph2clk : time=2019/03/22 06:37:18.423 sat= 4
4 satpos  : time=2019/03/22 06:37:18.423 sat= 4 ephopt=0
4 ephpos  : time=2019/03/22 06:37:18.423 sat= 4 iode=-1
4 seleph  : time=2019/03/22 06:37:18.490 sat= 4 iode=-1
4 eph2pos : time=2019/03/22 06:37:18.423 sat= 4
4 kepler: sat= 4 e= 0.00034 n= 3 del= 0.000e+00
4 eph2pos : time=2019/03/22 06:37:18.424 sat= 4
4 kepler: sat= 4 e= 0.00034 n= 3 del= 0.000e+00
4 ephclk  : time=2019/03/22 06:37:18.419 sat= 7
4 seleph  : time=2019/03/22 06:37:18.490 sat= 7 iode=-1
4 eph2clk : time=2019/03/22 06:37:18.419 sat= 7
4 satpos  : time=2019/03/22 06:37:18.419 sat= 7 ephopt=0
4 ephpos  : time=2019/03/22 06:37:18.419 sat= 7 iode=-1
4 seleph  : time=2019/03/22 06:37:18.490 sat= 7 iode=-1
4 eph2pos : time=2019/03/22 06:37:18.419 sat= 7
4 kepler: sat= 7 e= 0.01234 n= 3 del= 4.441e-16
4 eph2pos : time=2019/03/22 06:37:18.420 sat= 7
4 kepler: sat= 7 e= 0.01234 n= 3 del= 0.000e+00
4 ephclk  : time=2019/03/22 06:37:18.432 sat= 8
4 seleph  : time=2019/03/22 06:37:18.490 sat= 8 iode=-1
4 eph2clk : time=2019/03/22 06:37:18.432 sat= 8
4 satpos  : time=2019/03/22 06:37:18.432 sat= 8 ephopt=0
4 ephpos  : time=2019/03/22 06:37:18.432 sat= 8 iode=-1
4 seleph  : time=2019/03/22 06:37:18.490 sat= 8 iode=-1
4 eph2pos : time=2019/03/22 06:37:18.432 sat= 8
4 kepler: sat= 8 e= 0.00438 n= 3 del= 0.000e+00
4 eph2pos : time=2019/03/22 06:37:18.433 sat= 8
4 kepler: sat= 8 e= 0.00438 n= 3 del= 0.000e+00
4 ephclk  : time=2019/03/22 06:37:18.427 sat= 9
4 seleph  : time=2019/03/22 06:37:18.490 sat= 9 iode=-1
4 eph2clk : time=2019/03/22 06:37:18.427 sat= 9
4 satpos  : time=2019/03/22 06:37:18.426 sat= 9 ephopt=0
4 ephpos  : time=2019/03/22 06:37:18.426 sat= 9 iode=-1
4 seleph  : time=2019/03/22 06:37:18.490 sat= 9 iode=-1
4 eph2pos : time=2019/03/22 06:37:18.426 sat= 9
4 kepler: sat= 9 e= 0.00137 n= 3 del=-1.110e-16
4 eph2pos : time=2019/03/22 06:37:18.427 sat= 9
4 kepler: sat= 9 e= 0.00137 n= 3 del=-1.110e-16
4 ephclk  : time=2019/03/22 06:37:18.418 sat=11
4 seleph  : time=2019/03/22 06:37:18.490 sat=11 iode=-1
4 eph2clk : time=2019/03/22 06:37:18.418 sat=11
4 satpos  : time=2019/03/22 06:37:18.419 sat=11 ephopt=0
4 ephpos  : time=2019/03/22 06:37:18.419 sat=11 iode=-1
4 seleph  : time=2019/03/22 06:37:18.490 sat=11 iode=-1
4 eph2pos : time=2019/03/22 06:37:18.419 sat=11
4 kepler: sat=11 e= 0.01653 n= 3 del= 4.441e-16
4 eph2pos : time=2019/03/22 06:37:18.420 sat=11
4 kepler: sat=11 e= 0.01653 n= 3 del= 4.441e-16
4 ephclk  : time=2019/03/22 06:37:18.427 sat=16
4 seleph  : time=2019/03/22 06:37:18.490 sat=16 iode=-1
4 eph2clk : time=2019/03/22 06:37:18.427 sat=16
4 satpos  : time=2019/03/22 06:37:18.427 sat=16 ephopt=0
4 ephpos  : time=2019/03/22 06:37:18.427 sat=16 iode=-1
4 seleph  : time=2019/03/22 06:37:18.490 sat=16 iode=-1
4 eph2pos : time=2019/03/22 06:37:18.427 sat=16
4 kepler: sat=16 e= 0.01081 n= 3 del=-8.882e-16
4 eph2pos : time=2019/03/22 06:37:18.428 sat=16
4 kepler: sat=16 e= 0.01081 n= 3 del=-8.882e-16
4 ephclk  : time=2019/03/22 06:37:18.418 sat=18
4 seleph  : time=2019/03/22 06:37:18.490 sat=18 iode=-1
4 eph2clk : time=2019/03/22 06:37:18.418 sat=18
4 satpos  : time=2019/03/22 06:37:18.418 sat=18 ephopt=0
4 ephpos  : time=2019/03/22 06:37:18.418 sat=18 iode=-1
4 seleph  : time=2019/03/22 06:37:18.490 sat=18 iode=-1
4 eph2pos : time=2019/03/22 06:37:18.418 sat=18
4 kepler: sat=18 e= 0.01510 n= 3 del= 6.661e-15
4 eph2pos : time=2019/03/22 06:37:18.419 sat=18
4 kepler: sat=18 e= 0.01510 n= 3 del= 6.661e-15
4 ephclk  : time=2019/03/22 06:37:18.430 sat=23
4 seleph  : time=2019/03/22 06:37:18.490 sat=23 iode=-1
4 eph2clk : time=2019/03/22 06:37:18.430 sat=23
4 satpos  : time=2019/03/22 06:37:18.430 sat=23 ephopt=0
4 ephpos  : time=2019/03/22 06:37:18.430 sat=23 iode=-1
4 seleph  : time=2019/03/22 06:37:18.490 sat=23 iode=-1
4 eph2pos : time=2019/03/22 06:37:18.430 sat=23
4 kepler: sat=23 e= 0.01296 n= 3 del= 3.997e-15
4 eph2pos : time=2019/03/22 06:37:18.431 sat=23
4 kepler: sat=23 e= 0.01296 n= 3 del= 3.997e-15
4 ephclk  : time=2019/03/22 06:37:18.421 sat=26
4 seleph  : time=2019/03/22 06:37:18.490 sat=26 iode=-1
4 eph2clk : time=2019/03/22 06:37:18.421 sat=26
4 satpos  : time=2019/03/22 06:37:18.421 sat=26 ephopt=0
4 ephpos  : time=2019/03/22 06:37:18.421 sat=26 iode=-1
4 seleph  : time=2019/03/22 06:37:18.490 sat=26 iode=-1
4 eph2pos : time=2019/03/22 06:37:18.421 sat=26
4 kepler: sat=26 e= 0.00372 n= 3 del= 0.000e+00
4 eph2pos : time=2019/03/22 06:37:18.422 sat=26
4 kepler: sat=26 e= 0.00372 n= 3 del= 0.000e+00
4 ephclk  : time=2019/03/22 06:37:18.432 sat=27
4 seleph  : time=2019/03/22 06:37:18.490 sat=27 iode=-1
4 eph2clk : time=2019/03/22 06:37:18.432 sat=27
4 satpos  : time=2019/03/22 06:37:18.432 sat=27 ephopt=0
4 ephpos  : time=2019/03/22 06:37:18.432 sat=27 iode=-1
4 seleph  : time=2019/03/22 06:37:18.490 sat=27 iode=-1
4 eph2pos : time=2019/03/22 06:37:18.432 sat=27
4 kepler: sat=27 e= 0.00689 n= 3 del= 0.000e+00
4 eph2pos : time=2019/03/22 06:37:18.433 sat=27
4 kepler: sat=27 e= 0.00689 n= 3 del= 0.000e+00
4 ephclk  : time=2019/03/22 06:37:18.417 sat=31
4 seleph  : time=2019/03/22 06:37:18.490 sat=31 iode=-1
4 eph2clk : time=2019/03/22 06:37:18.417 sat=31
4 satpos  : time=2019/03/22 06:37:18.417 sat=31 ephopt=0
4 ephpos  : time=2019/03/22 06:37:18.417 sat=31 iode=-1
4 seleph  : time=2019/03/22 06:37:18.490 sat=31 iode=-1
4 eph2pos : time=2019/03/22 06:37:18.417 sat=31
4 kepler: sat=31 e= 0.00924 n= 3 del= 0.000e+00
4 eph2pos : time=2019/03/22 06:37:18.418 sat=31
4 kepler: sat=31 e= 0.00924 n= 3 del= 0.000e+00
4 ephclk  : time=2019/03/22 06:37:18.376 sat=97
4 seleph  : time=2019/03/22 06:37:18.490 sat=97 iode=-1
3 no broadcast ephemeris: 2019/03/22 06:37:18 sat=97 iode= -1
3 no broadcast clock 2019/03/22 06:37:18.376 sat=97
4 ephclk  : time=2019/03/22 06:37:18.375 sat=98
4 seleph  : time=2019/03/22 06:37:18.490 sat=98 iode=-1
3 no broadcast ephemeris: 2019/03/22 06:37:18 sat=98 iode= -1
3 no broadcast clock 2019/03/22 06:37:18.375 sat=98
4 ephclk  : time=2019/03/22 06:37:18.378 sat=99
4 seleph  : time=2019/03/22 06:37:18.490 sat=99 iode=-1
3 no broadcast ephemeris: 2019/03/22 06:37:18 sat=99 iode= -1
3 no broadcast clock 2019/03/22 06:37:18.378 sat=99
4 ephclk  : time=2019/03/22 06:37:18.370 sat=100
4 seleph  : time=2019/03/22 06:37:18.490 sat=100 iode=-1
3 no broadcast ephemeris: 2019/03/22 06:37:18 sat=100 iode= -1
3 no broadcast clock 2019/03/22 06:37:18.370 sat=100
4 ephclk  : time=2019/03/22 06:37:18.369 sat=101
4 seleph  : time=2019/03/22 06:37:18.490 sat=101 iode=-1
3 no broadcast ephemeris: 2019/03/22 06:37:18 sat=101 iode= -1
3 no broadcast clock 2019/03/22 06:37:18.369 sat=101
4 ephclk  : time=2019/03/22 06:37:18.374 sat=102
4 seleph  : time=2019/03/22 06:37:18.490 sat=102 iode=-1
3 no broadcast ephemeris: 2019/03/22 06:37:18 sat=102 iode= -1
3 no broadcast clock 2019/03/22 06:37:18.374 sat=102
4 ephclk  : time=2019/03/22 06:37:18.377 sat=103
4 seleph  : time=2019/03/22 06:37:18.490 sat=103 iode=-1
3 no broadcast ephemeris: 2019/03/22 06:37:18 sat=103 iode= -1
3 no broadcast clock 2019/03/22 06:37:18.377 sat=103
4 ephclk  : time=2019/03/22 06:37:18.378 sat=105
4 seleph  : time=2019/03/22 06:37:18.490 sat=105 iode=-1
3 no broadcast ephemeris: 2019/03/22 06:37:18 sat=105 iode= -1
3 no broadcast clock 2019/03/22 06:37:18.378 sat=105
4 ephclk  : time=2019/03/22 06:37:18.376 sat=106
4 seleph  : time=2019/03/22 06:37:18.490 sat=106 iode=-1
3 no broadcast ephemeris: 2019/03/22 06:37:18 sat=106 iode= -1
3 no broadcast clock 2019/03/22 06:37:18.376 sat=106
4 ephclk  : time=2019/03/22 06:37:18.427 sat=107
4 seleph  : time=2019/03/22 06:37:18.490 sat=107 iode=-1
3 no broadcast ephemeris: 2019/03/22 06:37:18 sat=107 iode= -1
3 no broadcast clock 2019/03/22 06:37:18.427 sat=107
4 ephclk  : time=2019/03/22 06:37:18.373 sat=112
4 seleph  : time=2019/03/22 06:37:18.490 sat=112 iode=-1
3 no broadcast ephemeris: 2019/03/22 06:37:18 sat=112 iode= -1
3 no broadcast clock 2019/03/22 06:37:18.373 sat=112
4 ephclk  : time=2019/03/22 06:37:18.377 sat=114
4 seleph  : time=2019/03/22 06:37:18.490 sat=114 iode=-1
3 no broadcast ephemeris: 2019/03/22 06:37:18 sat=114 iode= -1
3 no broadcast clock 2019/03/22 06:37:18.377 sat=114
4 ephclk  : time=2019/03/22 06:37:18.419 sat=119
4 seleph  : time=2019/03/22 06:37:18.490 sat=119 iode=-1
3 no broadcast ephemeris: 2019/03/22 06:37:18 sat=119 iode= -1
3 no broadcast clock 2019/03/22 06:37:18.419 sat=119
4 ephclk  : time=2019/03/22 06:37:18.417 sat=120
4 seleph  : time=2019/03/22 06:37:18.490 sat=120 iode=-1
3 no broadcast ephemeris: 2019/03/22 06:37:18 sat=120 iode= -1
3 no broadcast clock 2019/03/22 06:37:18.417 sat=120
4 ephclk  : time=2019/03/22 06:37:18.425 sat=121
4 seleph  : time=2019/03/22 06:37:18.490 sat=121 iode=-1
3 no broadcast ephemeris: 2019/03/22 06:37:18 sat=121 iode= -1
3 no broadcast clock 2019/03/22 06:37:18.425 sat=121
4 2019/03/22 06:37:18.414263 sat= 3 rs=  6579735.013  19431516.214 -16944692.058 dts=  187015.700 var=  5.760 svh=00
4 2019/03/22 06:37:18.422678 sat= 4 rs= 11528071.594  14373060.395  19142554.081 dts=  137864.012 var=186.323 svh=3F
4 2019/03/22 06:37:18.419422 sat= 7 rs= 12608971.664  10812689.299  21062344.393 dts=   10230.354 var=  5.760 svh=00
4 2019/03/22 06:37:18.431788 sat= 8 rs= -6041619.468  25198138.724   5363093.357 dts= -137076.530 var=  5.760 svh=00
4 2019/03/22 06:37:18.426123 sat= 9 rs=  9226189.203  19477780.884  15471985.511 dts=  441415.301 var=  5.760 svh=00
4 2019/03/22 06:37:18.419050 sat=11 rs= -4443397.495  22320349.410 -14413535.034 dts= -640719.299 var=  5.760 svh=00
4 2019/03/22 06:37:18.426830 sat=16 rs=-11993561.451   8821589.227  21844769.708 dts=  -27128.109 var=  5.760 svh=00
4 2019/03/22 06:37:18.418365 sat=18 rs=-12044685.820  18294776.078 -15408672.006 dts=   37110.205 var=  5.760 svh=00
4 2019/03/22 06:37:18.429976 sat=23 rs=  2367276.978  25530336.569   6366836.417 dts= -193106.665 var=  5.760 svh=00
4 2019/03/22 06:37:18.420898 sat=26 rs=-19939217.018   1373734.424  17560051.820 dts=  155674.446 var=  5.760 svh=00
4 2019/03/22 06:37:18.432225 sat=27 rs=-11782899.093  18582734.928  14558951.911 dts=  -91360.569 var=  5.760 svh=00
4 2019/03/22 06:37:18.417240 sat=31 rs=-25479533.996   6650242.012  -4971458.608 dts=   50460.760 var=  5.760 svh=00
4 2019/03/22 06:37:18.375730 sat=97 rs=        0.000         0.000         0.000 dts=       0.000 var=  0.000 svh=00
4 2019/03/22 06:37:18.375086 sat=98 rs=        0.000         0.000         0.000 dts=       0.000 var=  0.000 svh=00
4 2019/03/22 06:37:18.378115 sat=99 rs=        0.000         0.000         0.000 dts=       0.000 var=  0.000 svh=00
4 2019/03/22 06:37:18.370433 sat=100 rs=        0.000         0.000         0.000 dts=       0.000 var=  0.000 svh=00
4 2019/03/22 06:37:18.369426 sat=101 rs=        0.000         0.000         0.000 dts=       0.000 var=  0.000 svh=00
4 2019/03/22 06:37:18.373735 sat=102 rs=        0.000         0.000         0.000 dts=       0.000 var=  0.000 svh=00
4 2019/03/22 06:37:18.377343 sat=103 rs=        0.000         0.000         0.000 dts=       0.000 var=  0.000 svh=00
4 2019/03/22 06:37:18.377656 sat=105 rs=        0.000         0.000         0.000 dts=       0.000 var=  0.000 svh=00
4 2019/03/22 06:37:18.375786 sat=106 rs=        0.000         0.000         0.000 dts=       0.000 var=  0.000 svh=00
4 2019/03/22 06:37:18.426528 sat=107 rs=        0.000         0.000         0.000 dts=       0.000 var=  0.000 svh=00
4 2019/03/22 06:37:18.373086 sat=112 rs=        0.000         0.000         0.000 dts=       0.000 var=  0.000 svh=00
4 2019/03/22 06:37:18.376753 sat=114 rs=        0.000         0.000         0.000 dts=       0.000 var=  0.000 svh=00
4 2019/03/22 06:37:18.419436 sat=119 rs=        0.000         0.000         0.000 dts=       0.000 var=  0.000 svh=00
4 2019/03/22 06:37:18.416607 sat=120 rs=        0.000         0.000         0.000 dts=       0.000 var=  0.000 svh=00
4 2019/03/22 06:37:18.425325 sat=121 rs=        0.000         0.000         0.000 dts=       0.000 var=  0.000 svh=00
3 estpos  : n=27
3 resprng : n=27
3 unhealthy satellite: sat=  4 svh=3F
4 ionocorr: time=2019/03/22 06:37:18.490 opt=1 sat= 8 pos=25.286 110.332 azel=206.775 70.321
4 tropcorr: time=2019/03/22 06:37:18.490 opt=1 pos=25.286 110.332 azel=206.775 70.321
4 sat= 8 azel=206.8 70.3 res=-2916727.528 sig=3.712
4 ionocorr: time=2019/03/22 06:37:18.490 opt=1 sat= 9 pos=25.286 110.332 azel=296.160 38.877
4 tropcorr: time=2019/03/22 06:37:18.490 opt=1 pos=25.286 110.332 azel=296.160 38.877
4 sat= 9 azel=296.2 38.9 res=-2916723.377 sig=4.491
4 ionocorr: time=2019/03/22 06:37:18.490 opt=1 sat=16 pos=25.286 110.332 azel=29.509 40.536
4 tropcorr: time=2019/03/22 06:37:18.490 opt=1 pos=25.286 110.332 azel=29.509 40.536
4 sat=16 azel= 29.5 40.5 res=-2916726.789 sig=4.395
4 ionocorr: time=2019/03/22 06:37:18.490 opt=1 sat=23 pos=25.286 110.332 azel=249.706 55.567
4 tropcorr: time=2019/03/22 06:37:18.490 opt=1 pos=25.286 110.332 azel=249.706 55.567
4 sat=23 azel=249.7 55.6 res=-2916725.973 sig=3.933
4 ionocorr: time=2019/03/22 06:37:18.490 opt=1 sat=26 pos=25.286 110.332 azel=55.795 21.223
4 tropcorr: time=2019/03/22 06:37:18.490 opt=1 pos=25.286 110.332 azel=55.795 21.223
4 sat=26 azel= 55.8 21.2 res=-2916729.314 sig=5.706
4 ionocorr: time=2019/03/22 06:37:18.490 opt=1 sat=27 pos=25.286 110.332 azel=49.022 72.508
4 tropcorr: time=2019/03/22 06:37:18.490 opt=1 pos=25.286 110.332 azel=49.022 72.508
4 sat=27 azel= 49.0 72.5 res=-2916727.498 sig=3.684
3 resprng : n=27
3 unhealthy satellite: sat=  4 svh=3F
4 ionocorr: time=2019/03/22 06:37:18.490 opt=1 sat= 8 pos=25.286 110.332 azel=206.776 70.321
4 tropcorr: time=2019/03/22 06:37:18.490 opt=1 pos=25.286 110.332 azel=206.776 70.321
4 sat= 8 azel=206.8 70.3 res=  0.117 sig=3.712
4 ionocorr: time=2019/03/22 06:37:18.490 opt=1 sat= 9 pos=25.286 110.332 azel=296.161 38.877
4 tropcorr: time=2019/03/22 06:37:18.490 opt=1 pos=25.286 110.332 azel=296.161 38.877
4 sat= 9 azel=296.2 38.9 res=  0.076 sig=4.491
4 ionocorr: time=2019/03/22 06:37:18.490 opt=1 sat=16 pos=25.286 110.332 azel=29.509 40.536
4 tropcorr: time=2019/03/22 06:37:18.490 opt=1 pos=25.286 110.332 azel=29.509 40.536
4 sat=16 azel= 29.5 40.5 res=  0.009 sig=4.395
4 ionocorr: time=2019/03/22 06:37:18.490 opt=1 sat=23 pos=25.286 110.332 azel=249.706 55.567
4 tropcorr: time=2019/03/22 06:37:18.490 opt=1 pos=25.286 110.332 azel=249.706 55.567
4 sat=23 azel=249.7 55.6 res= -0.143 sig=3.933
4 ionocorr: time=2019/03/22 06:37:18.490 opt=1 sat=26 pos=25.286 110.332 azel=55.795 21.223
4 tropcorr: time=2019/03/22 06:37:18.490 opt=1 pos=25.286 110.332 azel=55.795 21.223
4 sat=26 azel= 55.8 21.2 res= -0.018 sig=5.706
4 ionocorr: time=2019/03/22 06:37:18.490 opt=1 sat=27 pos=25.286 110.332 azel=49.022 72.508
4 tropcorr: time=2019/03/22 06:37:18.490 opt=1 pos=25.286 110.332 azel=49.022 72.508
4 sat=27 azel= 49.0 72.5 res= -0.043 sig=3.684
3 resprng : n=27
3 unhealthy satellite: sat=  4 svh=3F
4 ionocorr: time=2019/03/22 06:37:18.490 opt=1 sat= 8 pos=25.286 110.332 azel=206.776 70.321
4 tropcorr: time=2019/03/22 06:37:18.490 opt=1 pos=25.286 110.332 azel=206.776 70.321
4 sat= 8 azel=206.8 70.3 res=  0.117 sig=3.712
4 ionocorr: time=2019/03/22 06:37:18.490 opt=1 sat= 9 pos=25.286 110.332 azel=296.161 38.877
4 tropcorr: time=2019/03/22 06:37:18.490 opt=1 pos=25.286 110.332 azel=296.161 38.877
4 sat= 9 azel=296.2 38.9 res=  0.077 sig=4.491
4 ionocorr: time=2019/03/22 06:37:18.490 opt=1 sat=16 pos=25.286 110.332 azel=29.509 40.536
4 tropcorr: time=2019/03/22 06:37:18.490 opt=1 pos=25.286 110.332 azel=29.509 40.536
4 sat=16 azel= 29.5 40.5 res=  0.010 sig=4.395
4 ionocorr: time=2019/03/22 06:37:18.490 opt=1 sat=23 pos=25.286 110.332 azel=249.706 55.567
4 tropcorr: time=2019/03/22 06:37:18.490 opt=1 pos=25.286 110.332 azel=249.706 55.567
4 sat=23 azel=249.7 55.6 res= -0.143 sig=3.933
4 ionocorr: time=2019/03/22 06:37:18.490 opt=1 sat=26 pos=25.286 110.332 azel=55.795 21.223
4 tropcorr: time=2019/03/22 06:37:18.490 opt=1 pos=25.286 110.332 azel=55.795 21.223
4 sat=26 azel= 55.8 21.2 res= -0.017 sig=5.706
4 ionocorr: time=2019/03/22 06:37:18.490 opt=1 sat=27 pos=25.286 110.332 azel=49.022 72.508
4 tropcorr: time=2019/03/22 06:37:18.490 opt=1 pos=25.286 110.332 azel=49.022 72.508
4 sat=27 azel= 49.0 72.5 res= -0.042 sig=3.684
3 valsol  : n=27 nv=9
3 estvel  : n=27
3 resdop  : n=27
3 resdop  : n=27
3 relpos  : nx=180 nu=27 nr=27
3 satposs : teph=2019/03/22 06:37:18.490 n=54 ephopt=0
4 ephclk  : time=2019/03/22 06:37:18.414 sat= 3
4 seleph  : time=2019/03/22 06:37:18.490 sat= 3 iode=-1
4 eph2clk : time=2019/03/22 06:37:18.414 sat= 3
4 satpos  : time=2019/03/22 06:37:18.414 sat= 3 ephopt=0
4 ephpos  : time=2019/03/22 06:37:18.414 sat= 3 iode=-1
4 seleph  : time=2019/03/22 06:37:18.490 sat= 3 iode=-1
4 eph2pos : time=2019/03/22 06:37:18.414 sat= 3
4 kepler: sat= 3 e= 0.00194 n= 3 del= 4.441e-16
4 eph2pos : time=2019/03/22 06:37:18.415 sat= 3
4 kepler: sat= 3 e= 0.00194 n= 3 del= 0.000e+00
4 ephclk  : time=2019/03/22 06:37:18.423 sat= 4
4 seleph  : time=2019/03/22 06:37:18.490 sat= 4 iode=-1
4 eph2clk : time=2019/03/22 06:37:18.423 sat= 4
4 satpos  : time=2019/03/22 06:37:18.423 sat= 4 ephopt=0
4 ephpos  : time=2019/03/22 06:37:18.423 sat= 4 iode=-1
4 seleph  : time=2019/03/22 06:37:18.490 sat= 4 iode=-1
4 eph2pos : time=2019/03/22 06:37:18.423 sat= 4
4 kepler: sat= 4 e= 0.00034 n= 3 del= 0.000e+00
4 eph2pos : time=2019/03/22 06:37:18.424 sat= 4
4 kepler: sat= 4 e= 0.00034 n= 3 del= 0.000e+00
4 ephclk  : time=2019/03/22 06:37:18.419 sat= 7
4 seleph  : time=2019/03/22 06:37:18.490 sat= 7 iode=-1
4 eph2clk : time=2019/03/22 06:37:18.419 sat= 7
4 satpos  : time=2019/03/22 06:37:18.419 sat= 7 ephopt=0
4 ephpos  : time=2019/03/22 06:37:18.419 sat= 7 iode=-1
4 seleph  : time=2019/03/22 06:37:18.490 sat= 7 iode=-1
4 eph2pos : time=2019/03/22 06:37:18.419 sat= 7
4 kepler: sat= 7 e= 0.01234 n= 3 del= 4.441e-16
4 eph2pos : time=2019/03/22 06:37:18.420 sat= 7
4 kepler: sat= 7 e= 0.01234 n= 3 del= 0.000e+00
4 ephclk  : time=2019/03/22 06:37:18.432 sat= 8
4 seleph  : time=2019/03/22 06:37:18.490 sat= 8 iode=-1
4 eph2clk : time=2019/03/22 06:37:18.432 sat= 8
4 satpos  : time=2019/03/22 06:37:18.432 sat= 8 ephopt=0
4 ephpos  : time=2019/03/22 06:37:18.432 sat= 8 iode=-1
4 seleph  : time=2019/03/22 06:37:18.490 sat= 8 iode=-1
4 eph2pos : time=2019/03/22 06:37:18.432 sat= 8
4 kepler: sat= 8 e= 0.00438 n= 3 del= 0.000e+00
4 eph2pos : time=2019/03/22 06:37:18.433 sat= 8
4 kepler: sat= 8 e= 0.00438 n= 3 del= 0.000e+00
4 ephclk  : time=2019/03/22 06:37:18.427 sat= 9
4 seleph  : time=2019/03/22 06:37:18.490 sat= 9 iode=-1
4 eph2clk : time=2019/03/22 06:37:18.427 sat= 9
4 satpos  : time=2019/03/22 06:37:18.426 sat= 9 ephopt=0
4 ephpos  : time=2019/03/22 06:37:18.426 sat= 9 iode=-1
4 seleph  : time=2019/03/22 06:37:18.490 sat= 9 iode=-1
4 eph2pos : time=2019/03/22 06:37:18.426 sat= 9
4 kepler: sat= 9 e= 0.00137 n= 3 del=-1.110e-16
4 eph2pos : time=2019/03/22 06:37:18.427 sat= 9
4 kepler: sat= 9 e= 0.00137 n= 3 del=-1.110e-16
4 ephclk  : time=2019/03/22 06:37:18.418 sat=11
4 seleph  : time=2019/03/22 06:37:18.490 sat=11 iode=-1
4 eph2clk : time=2019/03/22 06:37:18.418 sat=11
4 satpos  : time=2019/03/22 06:37:18.419 sat=11 ephopt=0
4 ephpos  : time=2019/03/22 06:37:18.419 sat=11 iode=-1
4 seleph  : time=2019/03/22 06:37:18.490 sat=11 iode=-1
4 eph2pos : time=2019/03/22 06:37:18.419 sat=11
4 kepler: sat=11 e= 0.01653 n= 3 del= 4.441e-16
4 eph2pos : time=2019/03/22 06:37:18.420 sat=11
4 kepler: sat=11 e= 0.01653 n= 3 del= 4.441e-16
4 ephclk  : time=2019/03/22 06:37:18.427 sat=16
4 seleph  : time=2019/03/22 06:37:18.490 sat=16 iode=-1
4 eph2clk : time=2019/03/22 06:37:18.427 sat=16
4 satpos  : time=2019/03/22 06:37:18.427 sat=16 ephopt=0
4 ephpos  : time=2019/03/22 06:37:18.427 sat=16 iode=-1
4 seleph  : time=2019/03/22 06:37:18.490 sat=16 iode=-1
4 eph2pos : time=2019/03/22 06:37:18.427 sat=16
4 kepler: sat=16 e= 0.01081 n= 3 del=-8.882e-16
4 eph2pos : time=2019/03/22 06:37:18.428 sat=16
4 kepler: sat=16 e= 0.01081 n= 3 del=-8.882e-16
4 ephclk  : time=2019/03/22 06:37:18.418 sat=18
4 seleph  : time=2019/03/22 06:37:18.490 sat=18 iode=-1
4 eph2clk : time=2019/03/22 06:37:18.418 sat=18
4 satpos  : time=2019/03/22 06:37:18.418 sat=18 ephopt=0
4 ephpos  : time=2019/03/22 06:37:18.418 sat=18 iode=-1
4 seleph  : time=2019/03/22 06:37:18.490 sat=18 iode=-1
4 eph2pos : time=2019/03/22 06:37:18.418 sat=18
4 kepler: sat=18 e= 0.01510 n= 3 del= 6.661e-15
4 eph2pos : time=2019/03/22 06:37:18.419 sat=18
4 kepler: sat=18 e= 0.01510 n= 3 del= 6.661e-15
4 ephclk  : time=2019/03/22 06:37:18.430 sat=23
4 seleph  : time=2019/03/22 06:37:18.490 sat=23 iode=-1
4 eph2clk : time=2019/03/22 06:37:18.430 sat=23
4 satpos  : time=2019/03/22 06:37:18.430 sat=23 ephopt=0
4 ephpos  : time=2019/03/22 06:37:18.430 sat=23 iode=-1
4 seleph  : time=2019/03/22 06:37:18.490 sat=23 iode=-1
4 eph2pos : time=2019/03/22 06:37:18.430 sat=23
4 kepler: sat=23 e= 0.01296 n= 3 del= 3.997e-15
4 eph2pos : time=2019/03/22 06:37:18.431 sat=23
4 kepler: sat=23 e= 0.01296 n= 3 del= 3.997e-15
4 ephclk  : time=2019/03/22 06:37:18.421 sat=26
4 seleph  : time=2019/03/22 06:37:18.490 sat=26 iode=-1
4 eph2clk : time=2019/03/22 06:37:18.421 sat=26
4 satpos  : time=2019/03/22 06:37:18.421 sat=26 ephopt=0
4 ephpos  : time=2019/03/22 06:37:18.421 sat=26 iode=-1
4 seleph  : time=2019/03/22 06:37:18.490 sat=26 iode=-1
4 eph2pos : time=2019/03/22 06:37:18.421 sat=26
4 kepler: sat=26 e= 0.00372 n= 3 del= 0.000e+00
4 eph2pos : time=2019/03/22 06:37:18.422 sat=26
4 kepler: sat=26 e= 0.00372 n= 3 del= 0.000e+00
4 ephclk  : time=2019/03/22 06:37:18.432 sat=27
4 seleph  : time=2019/03/22 06:37:18.490 sat=27 iode=-1
4 eph2clk : time=2019/03/22 06:37:18.432 sat=27
4 satpos  : time=2019/03/22 06:37:18.432 sat=27 ephopt=0
4 ephpos  : time=2019/03/22 06:37:18.432 sat=27 iode=-1
4 seleph  : time=2019/03/22 06:37:18.490 sat=27 iode=-1
4 eph2pos : time=2019/03/22 06:37:18.432 sat=27
4 kepler: sat=27 e= 0.00689 n= 3 del= 0.000e+00
4 eph2pos : time=2019/03/22 06:37:18.433 sat=27
4 kepler: sat=27 e= 0.00689 n= 3 del= 0.000e+00
4 ephclk  : time=2019/03/22 06:37:18.417 sat=31
4 seleph  : time=2019/03/22 06:37:18.490 sat=31 iode=-1
4 eph2clk : time=2019/03/22 06:37:18.417 sat=31
4 satpos  : time=2019/03/22 06:37:18.417 sat=31 ephopt=0
4 ephpos  : time=2019/03/22 06:37:18.417 sat=31 iode=-1
4 seleph  : time=2019/03/22 06:37:18.490 sat=31 iode=-1
4 eph2pos : time=2019/03/22 06:37:18.417 sat=31
4 kepler: sat=31 e= 0.00924 n= 3 del= 0.000e+00
4 eph2pos : time=2019/03/22 06:37:18.418 sat=31
4 kepler: sat=31 e= 0.00924 n= 3 del= 0.000e+00
4 ephclk  : time=2019/03/22 06:37:18.376 sat=97
4 seleph  : time=2019/03/22 06:37:18.490 sat=97 iode=-1
3 no broadcast ephemeris: 2019/03/22 06:37:18 sat=97 iode= -1
3 no broadcast clock 2019/03/22 06:37:18.376 sat=97
4 ephclk  : time=2019/03/22 06:37:18.375 sat=98
4 seleph  : time=2019/03/22 06:37:18.490 sat=98 iode=-1
3 no broadcast ephemeris: 2019/03/22 06:37:18 sat=98 iode= -1
3 no broadcast clock 2019/03/22 06:37:18.375 sat=98
4 ephclk  : time=2019/03/22 06:37:18.378 sat=99
4 seleph  : time=2019/03/22 06:37:18.490 sat=99 iode=-1
3 no broadcast ephemeris: 2019/03/22 06:37:18 sat=99 iode= -1
3 no broadcast clock 2019/03/22 06:37:18.378 sat=99
4 ephclk  : time=2019/03/22 06:37:18.370 sat=100
4 seleph  : time=2019/03/22 06:37:18.490 sat=100 iode=-1
3 no broadcast ephemeris: 2019/03/22 06:37:18 sat=100 iode= -1
3 no broadcast clock 2019/03/22 06:37:18.370 sat=100
4 ephclk  : time=2019/03/22 06:37:18.369 sat=101
4 seleph  : time=2019/03/22 06:37:18.490 sat=101 iode=-1
3 no broadcast ephemeris: 2019/03/22 06:37:18 sat=101 iode= -1
3 no broadcast clock 2019/03/22 06:37:18.369 sat=101
4 ephclk  : time=2019/03/22 06:37:18.374 sat=102
4 seleph  : time=2019/03/22 06:37:18.490 sat=102 iode=-1
3 no broadcast ephemeris: 2019/03/22 06:37:18 sat=102 iode= -1
3 no broadcast clock 2019/03/22 06:37:18.374 sat=102
4 ephclk  : time=2019/03/22 06:37:18.377 sat=103
4 seleph  : time=2019/03/22 06:37:18.490 sat=103 iode=-1
3 no broadcast ephemeris: 2019/03/22 06:37:18 sat=103 iode= -1
3 no broadcast clock 2019/03/22 06:37:18.377 sat=103
4 ephclk  : time=2019/03/22 06:37:18.378 sat=105
4 seleph  : time=2019/03/22 06:37:18.490 sat=105 iode=-1
3 no broadcast ephemeris: 2019/03/22 06:37:18 sat=105 iode= -1
3 no broadcast clock 2019/03/22 06:37:18.378 sat=105
4 ephclk  : time=2019/03/22 06:37:18.376 sat=106
4 seleph  : time=2019/03/22 06:37:18.490 sat=106 iode=-1
3 no broadcast ephemeris: 2019/03/22 06:37:18 sat=106 iode= -1
3 no broadcast clock 2019/03/22 06:37:18.376 sat=106
4 ephclk  : time=2019/03/22 06:37:18.427 sat=107
4 seleph  : time=2019/03/22 06:37:18.490 sat=107 iode=-1
3 no broadcast ephemeris: 2019/03/22 06:37:18 sat=107 iode= -1
3 no broadcast clock 2019/03/22 06:37:18.427 sat=107
4 ephclk  : time=2019/03/22 06:37:18.373 sat=112
4 seleph  : time=2019/03/22 06:37:18.490 sat=112 iode=-1
3 no broadcast ephemeris: 2019/03/22 06:37:18 sat=112 iode= -1
3 no broadcast clock 2019/03/22 06:37:18.373 sat=112
4 ephclk  : time=2019/03/22 06:37:18.377 sat=114
4 seleph  : time=2019/03/22 06:37:18.490 sat=114 iode=-1
3 no broadcast ephemeris: 2019/03/22 06:37:18 sat=114 iode= -1
3 no broadcast clock 2019/03/22 06:37:18.377 sat=114
4 ephclk  : time=2019/03/22 06:37:18.419 sat=119
4 seleph  : time=2019/03/22 06:37:18.490 sat=119 iode=-1
3 no broadcast ephemeris: 2019/03/22 06:37:18 sat=119 iode= -1
3 no broadcast clock 2019/03/22 06:37:18.419 sat=119
4 ephclk  : time=2019/03/22 06:37:18.417 sat=120
4 seleph  : time=2019/03/22 06:37:18.490 sat=120 iode=-1
3 no broadcast ephemeris: 2019/03/22 06:37:18 sat=120 iode= -1
3 no broadcast clock 2019/03/22 06:37:18.417 sat=120
4 ephclk  : time=2019/03/22 06:37:18.425 sat=121
4 seleph  : time=2019/03/22 06:37:18.490 sat=121 iode=-1
3 no broadcast ephemeris: 2019/03/22 06:37:18 sat=121 iode= -1
3 no broadcast clock 2019/03/22 06:37:18.425 sat=121
4 ephclk  : time=2019/03/22 06:37:17.914 sat= 3
4 seleph  : time=2019/03/22 06:37:18.490 sat= 3 iode=-1
4 eph2clk : time=2019/03/22 06:37:17.914 sat= 3
4 satpos  : time=2019/03/22 06:37:17.914 sat= 3 ephopt=0
4 ephpos  : time=2019/03/22 06:37:17.914 sat= 3 iode=-1
4 seleph  : time=2019/03/22 06:37:18.490 sat= 3 iode=-1
4 eph2pos : time=2019/03/22 06:37:17.914 sat= 3
4 kepler: sat= 3 e= 0.00194 n= 3 del=-4.441e-16
4 eph2pos : time=2019/03/22 06:37:17.915 sat= 3
4 kepler: sat= 3 e= 0.00194 n= 3 del=-4.441e-16
4 ephclk  : time=2019/03/22 06:37:17.923 sat= 4
4 seleph  : time=2019/03/22 06:37:18.490 sat= 4 iode=-1
4 eph2clk : time=2019/03/22 06:37:17.923 sat= 4
4 satpos  : time=2019/03/22 06:37:17.923 sat= 4 ephopt=0
4 ephpos  : time=2019/03/22 06:37:17.923 sat= 4 iode=-1
4 seleph  : time=2019/03/22 06:37:18.490 sat= 4 iode=-1
4 eph2pos : time=2019/03/22 06:37:17.923 sat= 4
4 kepler: sat= 4 e= 0.00034 n= 3 del=-4.441e-16
4 eph2pos : time=2019/03/22 06:37:17.924 sat= 4
4 kepler: sat= 4 e= 0.00034 n= 3 del=-4.441e-16
4 ephclk  : time=2019/03/22 06:37:17.919 sat= 7
4 seleph  : time=2019/03/22 06:37:18.490 sat= 7 iode=-1
4 eph2clk : time=2019/03/22 06:37:17.919 sat= 7
4 satpos  : time=2019/03/22 06:37:17.919 sat= 7 ephopt=0
4 ephpos  : time=2019/03/22 06:37:17.919 sat= 7 iode=-1
4 seleph  : time=2019/03/22 06:37:18.490 sat= 7 iode=-1
4 eph2pos : time=2019/03/22 06:37:17.919 sat= 7
4 kepler: sat= 7 e= 0.01234 n= 3 del= 0.000e+00
4 eph2pos : time=2019/03/22 06:37:17.920 sat= 7
4 kepler: sat= 7 e= 0.01234 n= 3 del= 4.441e-16
4 ephclk  : time=2019/03/22 06:37:17.932 sat= 8
4 seleph  : time=2019/03/22 06:37:18.490 sat= 8 iode=-1
4 eph2clk : time=2019/03/22 06:37:17.932 sat= 8
4 satpos  : time=2019/03/22 06:37:17.932 sat= 8 ephopt=0
4 ephpos  : time=2019/03/22 06:37:17.932 sat= 8 iode=-1
4 seleph  : time=2019/03/22 06:37:18.490 sat= 8 iode=-1
4 eph2pos : time=2019/03/22 06:37:17.932 sat= 8
4 kepler: sat= 8 e= 0.00438 n= 3 del= 0.000e+00
4 eph2pos : time=2019/03/22 06:37:17.933 sat= 8
4 kepler: sat= 8 e= 0.00438 n= 3 del= 0.000e+00
4 ephclk  : time=2019/03/22 06:37:17.927 sat= 9
4 seleph  : time=2019/03/22 06:37:18.490 sat= 9 iode=-1
4 eph2clk : time=2019/03/22 06:37:17.927 sat= 9
4 satpos  : time=2019/03/22 06:37:17.926 sat= 9 ephopt=0
4 ephpos  : time=2019/03/22 06:37:17.926 sat= 9 iode=-1
4 seleph  : time=2019/03/22 06:37:18.490 sat= 9 iode=-1
4 eph2pos : time=2019/03/22 06:37:17.926 sat= 9
4 kepler: sat= 9 e= 0.00137 n= 3 del= 0.000e+00
4 eph2pos : time=2019/03/22 06:37:17.927 sat= 9
4 kepler: sat= 9 e= 0.00137 n= 3 del= 0.000e+00
4 ephclk  : time=2019/03/22 06:37:17.918 sat=11
4 seleph  : time=2019/03/22 06:37:18.490 sat=11 iode=-1
4 eph2clk : time=2019/03/22 06:37:17.918 sat=11
4 satpos  : time=2019/03/22 06:37:17.919 sat=11 ephopt=0
4 ephpos  : time=2019/03/22 06:37:17.919 sat=11 iode=-1
4 seleph  : time=2019/03/22 06:37:18.490 sat=11 iode=-1
4 eph2pos : time=2019/03/22 06:37:17.919 sat=11
4 kepler: sat=11 e= 0.01653 n= 3 del= 8.882e-16
4 eph2pos : time=2019/03/22 06:37:17.920 sat=11
4 kepler: sat=11 e= 0.01653 n= 3 del= 4.441e-16
4 ephclk  : time=2019/03/22 06:37:17.927 sat=16
4 seleph  : time=2019/03/22 06:37:18.490 sat=16 iode=-1
4 eph2clk : time=2019/03/22 06:37:17.927 sat=16
4 satpos  : time=2019/03/22 06:37:17.927 sat=16 ephopt=0
4 ephpos  : time=2019/03/22 06:37:17.927 sat=16 iode=-1
4 seleph  : time=2019/03/22 06:37:18.490 sat=16 iode=-1
4 eph2pos : time=2019/03/22 06:37:17.927 sat=16
4 kepler: sat=16 e= 0.01081 n= 3 del=-1.110e-15
4 eph2pos : time=2019/03/22 06:37:17.928 sat=16
4 kepler: sat=16 e= 0.01081 n= 3 del=-1.110e-15
4 ephclk  : time=2019/03/22 06:37:17.918 sat=18
4 seleph  : time=2019/03/22 06:37:18.490 sat=18 iode=-1
4 eph2clk : time=2019/03/22 06:37:17.918 sat=18
4 satpos  : time=2019/03/22 06:37:17.918 sat=18 ephopt=0
4 ephpos  : time=2019/03/22 06:37:17.918 sat=18 iode=-1
4 seleph  : time=2019/03/22 06:37:18.490 sat=18 iode=-1
4 eph2pos : time=2019/03/22 06:37:17.918 sat=18
4 kepler: sat=18 e= 0.01510 n= 3 del= 5.773e-15
4 eph2pos : time=2019/03/22 06:37:17.919 sat=18
4 kepler: sat=18 e= 0.01510 n= 3 del= 6.217e-15
4 ephclk  : time=2019/03/22 06:37:17.930 sat=23
4 seleph  : time=2019/03/22 06:37:18.490 sat=23 iode=-1
4 eph2clk : time=2019/03/22 06:37:17.930 sat=23
4 satpos  : time=2019/03/22 06:37:17.930 sat=23 ephopt=0
4 ephpos  : time=2019/03/22 06:37:17.930 sat=23 iode=-1
4 seleph  : time=2019/03/22 06:37:18.490 sat=23 iode=-1
4 eph2pos : time=2019/03/22 06:37:17.930 sat=23
4 kepler: sat=23 e= 0.01296 n= 3 del= 3.997e-15
4 eph2pos : time=2019/03/22 06:37:17.931 sat=23
4 kepler: sat=23 e= 0.01296 n= 3 del= 3.997e-15
4 ephclk  : time=2019/03/22 06:37:17.921 sat=26
4 seleph  : time=2019/03/22 06:37:18.490 sat=26 iode=-1
4 eph2clk : time=2019/03/22 06:37:17.921 sat=26
4 satpos  : time=2019/03/22 06:37:17.921 sat=26 ephopt=0
4 ephpos  : time=2019/03/22 06:37:17.921 sat=26 iode=-1
4 seleph  : time=2019/03/22 06:37:18.490 sat=26 iode=-1
4 eph2pos : time=2019/03/22 06:37:17.921 sat=26
4 kepler: sat=26 e= 0.00372 n= 3 del= 0.000e+00
4 eph2pos : time=2019/03/22 06:37:17.922 sat=26
4 kepler: sat=26 e= 0.00372 n= 3 del= 0.000e+00
4 ephclk  : time=2019/03/22 06:37:17.932 sat=27
4 seleph  : time=2019/03/22 06:37:18.490 sat=27 iode=-1
4 eph2clk : time=2019/03/22 06:37:17.932 sat=27
4 satpos  : time=2019/03/22 06:37:17.932 sat=27 ephopt=0
4 ephpos  : time=2019/03/22 06:37:17.932 sat=27 iode=-1
4 seleph  : time=2019/03/22 06:37:18.490 sat=27 iode=-1
4 eph2pos : time=2019/03/22 06:37:17.932 sat=27
4 kepler: sat=27 e= 0.00689 n= 3 del= 0.000e+00
4 eph2pos : time=2019/03/22 06:37:17.933 sat=27
4 kepler: sat=27 e= 0.00689 n= 3 del= 0.000e+00
4 ephclk  : time=2019/03/22 06:37:17.917 sat=31
4 seleph  : time=2019/03/22 06:37:18.490 sat=31 iode=-1
4 eph2clk : time=2019/03/22 06:37:17.917 sat=31
4 satpos  : time=2019/03/22 06:37:17.917 sat=31 ephopt=0
4 ephpos  : time=2019/03/22 06:37:17.917 sat=31 iode=-1
4 seleph  : time=2019/03/22 06:37:18.490 sat=31 iode=-1
4 eph2pos : time=2019/03/22 06:37:17.917 sat=31
4 kepler: sat=31 e= 0.00924 n= 3 del=-4.441e-16
4 eph2pos : time=2019/03/22 06:37:17.918 sat=31
4 kepler: sat=31 e= 0.00924 n= 3 del= 0.000e+00
4 ephclk  : time=2019/03/22 06:37:17.876 sat=97
4 seleph  : time=2019/03/22 06:37:18.490 sat=97 iode=-1
3 no broadcast ephemeris: 2019/03/22 06:37:18 sat=97 iode= -1
3 no broadcast clock 2019/03/22 06:37:17.876 sat=97
4 ephclk  : time=2019/03/22 06:37:17.875 sat=98
4 seleph  : time=2019/03/22 06:37:18.490 sat=98 iode=-1
3 no broadcast ephemeris: 2019/03/22 06:37:18 sat=98 iode= -1
3 no broadcast clock 2019/03/22 06:37:17.875 sat=98
4 ephclk  : time=2019/03/22 06:37:17.878 sat=99
4 seleph  : time=2019/03/22 06:37:18.490 sat=99 iode=-1
3 no broadcast ephemeris: 2019/03/22 06:37:18 sat=99 iode= -1
3 no broadcast clock 2019/03/22 06:37:17.878 sat=99
4 ephclk  : time=2019/03/22 06:37:17.870 sat=100
4 seleph  : time=2019/03/22 06:37:18.490 sat=100 iode=-1
3 no broadcast ephemeris: 2019/03/22 06:37:18 sat=100 iode= -1
3 no broadcast clock 2019/03/22 06:37:17.870 sat=100
4 ephclk  : time=2019/03/22 06:37:17.869 sat=101
4 seleph  : time=2019/03/22 06:37:18.490 sat=101 iode=-1
3 no broadcast ephemeris: 2019/03/22 06:37:18 sat=101 iode= -1
3 no broadcast clock 2019/03/22 06:37:17.869 sat=101
4 ephclk  : time=2019/03/22 06:37:17.874 sat=102
4 seleph  : time=2019/03/22 06:37:18.490 sat=102 iode=-1
3 no broadcast ephemeris: 2019/03/22 06:37:18 sat=102 iode= -1
3 no broadcast clock 2019/03/22 06:37:17.874 sat=102
4 ephclk  : time=2019/03/22 06:37:17.877 sat=103
4 seleph  : time=2019/03/22 06:37:18.490 sat=103 iode=-1
3 no broadcast ephemeris: 2019/03/22 06:37:18 sat=103 iode= -1
3 no broadcast clock 2019/03/22 06:37:17.877 sat=103
4 ephclk  : time=2019/03/22 06:37:17.878 sat=105
4 seleph  : time=2019/03/22 06:37:18.490 sat=105 iode=-1
3 no broadcast ephemeris: 2019/03/22 06:37:18 sat=105 iode= -1
3 no broadcast clock 2019/03/22 06:37:17.878 sat=105
4 ephclk  : time=2019/03/22 06:37:17.876 sat=106
4 seleph  : time=2019/03/22 06:37:18.490 sat=106 iode=-1
3 no broadcast ephemeris: 2019/03/22 06:37:18 sat=106 iode= -1
3 no broadcast clock 2019/03/22 06:37:17.876 sat=106
4 ephclk  : time=2019/03/22 06:37:17.927 sat=107
4 seleph  : time=2019/03/22 06:37:18.490 sat=107 iode=-1
3 no broadcast ephemeris: 2019/03/22 06:37:18 sat=107 iode= -1
3 no broadcast clock 2019/03/22 06:37:17.927 sat=107
4 ephclk  : time=2019/03/22 06:37:17.873 sat=112
4 seleph  : time=2019/03/22 06:37:18.490 sat=112 iode=-1
3 no broadcast ephemeris: 2019/03/22 06:37:18 sat=112 iode= -1
3 no broadcast clock 2019/03/22 06:37:17.873 sat=112
4 ephclk  : time=2019/03/22 06:37:17.877 sat=114
4 seleph  : time=2019/03/22 06:37:18.490 sat=114 iode=-1
3 no broadcast ephemeris: 2019/03/22 06:37:18 sat=114 iode= -1
3 no broadcast clock 2019/03/22 06:37:17.877 sat=114
4 ephclk  : time=2019/03/22 06:37:17.919 sat=119
4 seleph  : time=2019/03/22 06:37:18.490 sat=119 iode=-1
3 no broadcast ephemeris: 2019/03/22 06:37:18 sat=119 iode= -1
3 no broadcast clock 2019/03/22 06:37:17.919 sat=119
4 ephclk  : time=2019/03/22 06:37:17.917 sat=120
4 seleph  : time=2019/03/22 06:37:18.490 sat=120 iode=-1
3 no broadcast ephemeris: 2019/03/22 06:37:18 sat=120 iode= -1
3 no broadcast clock 2019/03/22 06:37:17.917 sat=120
4 ephclk  : time=2019/03/22 06:37:17.925 sat=121
4 seleph  : time=2019/03/22 06:37:18.490 sat=121 iode=-1
3 no broadcast ephemeris: 2019/03/22 06:37:18 sat=121 iode= -1
3 no broadcast clock 2019/03/22 06:37:17.925 sat=121
4 2019/03/22 06:37:18.414263 sat= 3 rs=  6579735.013  19431516.214 -16944692.058 dts=  187015.700 var=  5.760 svh=00
4 2019/03/22 06:37:18.422678 sat= 4 rs= 11528071.594  14373060.395  19142554.081 dts=  137864.012 var=186.323 svh=3F
4 2019/03/22 06:37:18.419422 sat= 7 rs= 12608971.664  10812689.299  21062344.393 dts=   10230.354 var=  5.760 svh=00
4 2019/03/22 06:37:18.431788 sat= 8 rs= -6041619.468  25198138.724   5363093.357 dts= -137076.530 var=  5.760 svh=00
4 2019/03/22 06:37:18.426123 sat= 9 rs=  9226189.203  19477780.884  15471985.511 dts=  441415.301 var=  5.760 svh=00
4 2019/03/22 06:37:18.419050 sat=11 rs= -4443397.495  22320349.410 -14413535.034 dts= -640719.299 var=  5.760 svh=00
4 2019/03/22 06:37:18.426830 sat=16 rs=-11993561.451   8821589.227  21844769.708 dts=  -27128.109 var=  5.760 svh=00
4 2019/03/22 06:37:18.418365 sat=18 rs=-12044685.820  18294776.078 -15408672.006 dts=   37110.205 var=  5.760 svh=00
4 2019/03/22 06:37:18.429976 sat=23 rs=  2367276.978  25530336.569   6366836.417 dts= -193106.665 var=  5.760 svh=00
4 2019/03/22 06:37:18.420898 sat=26 rs=-19939217.018   1373734.424  17560051.820 dts=  155674.446 var=  5.760 svh=00
4 2019/03/22 06:37:18.432225 sat=27 rs=-11782899.093  18582734.928  14558951.911 dts=  -91360.569 var=  5.760 svh=00
4 2019/03/22 06:37:18.417240 sat=31 rs=-25479533.996   6650242.012  -4971458.608 dts=   50460.760 var=  5.760 svh=00
4 2019/03/22 06:37:18.375730 sat=97 rs=        0.000         0.000         0.000 dts=       0.000 var=  0.000 svh=00
4 2019/03/22 06:37:18.375086 sat=98 rs=        0.000         0.000         0.000 dts=       0.000 var=  0.000 svh=00
4 2019/03/22 06:37:18.378115 sat=99 rs=        0.000         0.000         0.000 dts=       0.000 var=  0.000 svh=00
4 2019/03/22 06:37:18.370433 sat=100 rs=        0.000         0.000         0.000 dts=       0.000 var=  0.000 svh=00
4 2019/03/22 06:37:18.369426 sat=101 rs=        0.000         0.000         0.000 dts=       0.000 var=  0.000 svh=00
4 2019/03/22 06:37:18.373735 sat=102 rs=        0.000         0.000         0.000 dts=       0.000 var=  0.000 svh=00
4 2019/03/22 06:37:18.377343 sat=103 rs=        0.000         0.000         0.000 dts=       0.000 var=  0.000 svh=00
4 2019/03/22 06:37:18.377656 sat=105 rs=        0.000         0.000         0.000 dts=       0.000 var=  0.000 svh=00
4 2019/03/22 06:37:18.375786 sat=106 rs=        0.000         0.000         0.000 dts=       0.000 var=  0.000 svh=00
4 2019/03/22 06:37:18.426528 sat=107 rs=        0.000         0.000         0.000 dts=       0.000 var=  0.000 svh=00
4 2019/03/22 06:37:18.373086 sat=112 rs=        0.000         0.000         0.000 dts=       0.000 var=  0.000 svh=00
4 2019/03/22 06:37:18.376753 sat=114 rs=        0.000         0.000         0.000 dts=       0.000 var=  0.000 svh=00
4 2019/03/22 06:37:18.419436 sat=119 rs=        0.000         0.000         0.000 dts=       0.000 var=  0.000 svh=00
4 2019/03/22 06:37:18.416607 sat=120 rs=        0.000         0.000         0.000 dts=       0.000 var=  0.000 svh=00
4 2019/03/22 06:37:18.425325 sat=121 rs=        0.000         0.000         0.000 dts=       0.000 var=  0.000 svh=00
4 2019/03/22 06:37:17.914263 sat= 3 rs=  6580649.065  19432080.393 -16943691.899 dts=  187015.699 var=  5.760 svh=00
4 2019/03/22 06:37:17.922678 sat= 4 rs= 11528304.866  14371866.949  19143310.149 dts=  137864.009 var=186.323 svh=3F
4 2019/03/22 06:37:17.919421 sat= 7 rs= 12610162.044  10812153.838  21061924.430 dts=   10230.356 var=  5.760 svh=00
4 2019/03/22 06:37:17.931787 sat= 8 rs= -6041521.708  25198488.709   5361537.182 dts= -137076.529 var=  5.760 svh=00
4 2019/03/22 06:37:17.926123 sat= 9 rs=  9226388.530  19476807.667  15473089.135 dts=  441415.305 var=  5.760 svh=00
4 2019/03/22 06:37:17.919049 sat=11 rs= -4442714.345  22319784.591 -14414650.121 dts= -640719.305 var=  5.760 svh=00
4 2019/03/22 06:37:17.926831 sat=16 rs=-11992505.306   8822513.833  21844953.106 dts=  -27128.107 var=  5.760 svh=00
4 2019/03/22 06:37:17.918364 sat=18 rs=-12043798.446  18294449.795 -15409795.085 dts=   37110.202 var=  5.760 svh=00
4 2019/03/22 06:37:17.929976 sat=23 rs=  2367485.653  25529964.131   6368347.477 dts= -193106.665 var=  5.760 svh=00
4 2019/03/22 06:37:17.920898 sat=26 rs=-19938350.210   1374440.394  17560971.055 dts=  155674.441 var=  5.760 svh=00
4 2019/03/22 06:37:17.932225 sat=27 rs=-11782901.391  18583676.625  14557741.339 dts=  -91360.563 var=  5.760 svh=00
4 2019/03/22 06:37:17.917241 sat=31 rs=-25479777.397   6650470.713  -4969927.273 dts=   50460.760 var=  5.760 svh=00
4 2019/03/22 06:37:17.875730 sat=97 rs=        0.000         0.000         0.000 dts=       0.000 var=  0.000 svh=00
4 2019/03/22 06:37:17.875086 sat=98 rs=        0.000         0.000         0.000 dts=       0.000 var=  0.000 svh=00
4 2019/03/22 06:37:17.878115 sat=99 rs=        0.000         0.000         0.000 dts=       0.000 var=  0.000 svh=00
4 2019/03/22 06:37:17.870433 sat=100 rs=        0.000         0.000         0.000 dts=       0.000 var=  0.000 svh=00
4 2019/03/22 06:37:17.869426 sat=101 rs=        0.000         0.000         0.000 dts=       0.000 var=  0.000 svh=00
4 2019/03/22 06:37:17.873735 sat=102 rs=        0.000         0.000         0.000 dts=       0.000 var=  0.000 svh=00
4 2019/03/22 06:37:17.877343 sat=103 rs=        0.000         0.000         0.000 dts=       0.000 var=  0.000 svh=00
4 2019/03/22 06:37:17.877657 sat=105 rs=        0.000         0.000         0.000 dts=       0.000 var=  0.000 svh=00
4 2019/03/22 06:37:17.875786 sat=106 rs=        0.000         0.000         0.000 dts=       0.000 var=  0.000 svh=00
4 2019/03/22 06:37:17.926528 sat=107 rs=        0.000         0.000         0.000 dts=       0.000 var=  0.000 svh=00
4 2019/03/22 06:37:17.873086 sat=112 rs=        0.000         0.000         0.000 dts=       0.000 var=  0.000 svh=00
4 2019/03/22 06:37:17.876753 sat=114 rs=        0.000         0.000         0.000 dts=       0.000 var=  0.000 svh=00
4 2019/03/22 06:37:17.919435 sat=119 rs=        0.000         0.000         0.000 dts=       0.000 var=  0.000 svh=00
4 2019/03/22 06:37:17.916607 sat=120 rs=        0.000         0.000         0.000 dts=       0.000 var=  0.000 svh=00
4 2019/03/22 06:37:17.925325 sat=121 rs=        0.000         0.000         0.000 dts=       0.000 var=  0.000 svh=00
3 zdres   : n=27
3 unhealthy satellite: sat=  4 svh=3F
4 tropmapf: pos= 25.286319  110.331548  165.5 azel=206.8 70.3
4 antmodel: azel= 206.8 70.3 opt=1
4 tropmapf: pos= 25.286319  110.331548  165.5 azel=296.2 38.9
4 antmodel: azel= 296.2 38.9 opt=1
4 tropmapf: pos= 25.286319  110.331548  165.5 azel= 29.5 40.5
4 antmodel: azel=  29.5 40.5 opt=1
4 tropmapf: pos= 25.286319  110.331548  165.5 azel=249.7 55.6
4 antmodel: azel= 249.7 55.6 opt=1
4 tropmapf: pos= 25.286319  110.331548  165.5 azel= 55.8 21.2
4 antmodel: azel=  55.8 21.2 opt=1
4 tropmapf: pos= 25.286319  110.331548  165.5 azel= 49.0 72.5
4 antmodel: azel=  49.0 72.5 opt=1
4 rr_=-2005037.143 5411160.991 2707856.915
4 pos=25.286319291 110.331548498 165.461
4 sat= 3   6580649.065  19432080.393 -16943691.899  0.0001870157  210.3   1.8
4 sat= 4  11528304.866  14371866.949  19143310.149  0.0001378640  310.0  26.7
4 sat= 7  12610162.044  10812153.838  21061924.430  0.0000102304  316.8  19.0
4 sat= 8  -6041521.708  25198488.709   5361537.182 -0.0001370765  206.8  70.3
4 sat= 9   9226388.530  19476807.667  15473089.135  0.0004414153  296.2  38.9
4 sat=11  -4442714.345  22319784.591 -14414650.121 -0.0006407193  189.0  18.8
4 sat=16 -11992505.306   8822513.833  21844953.106 -0.0000271281   29.5  40.5
4 sat=18 -12043798.446  18294449.795 -15409795.085  0.0000371102  167.9  15.1
4 sat=23   2367485.653  25529964.131   6368347.477 -0.0001931067  249.7  55.6
4 sat=26 -19938350.210   1374440.394  17560971.055  0.0001556744   55.8  21.2
4 sat=27 -11782901.391  18583676.625  14557741.339 -0.0000913606   49.0  72.5
4 sat=31 -25479777.397   6650470.713  -4969927.273  0.0000504608  116.8  12.0
4 sat=97         0.000         0.000         0.000  0.0000000000    0.0   0.0
4 sat=98         0.000         0.000         0.000  0.0000000000    0.0   0.0
4 sat=99         0.000         0.000         0.000  0.0000000000    0.0   0.0
4 sat=100         0.000         0.000         0.000  0.0000000000    0.0   0.0
4 sat=101         0.000         0.000         0.000  0.0000000000    0.0   0.0
4 sat=102         0.000         0.000         0.000  0.0000000000    0.0   0.0
4 sat=103         0.000         0.000         0.000  0.0000000000    0.0   0.0
4 sat=105         0.000         0.000         0.000  0.0000000000    0.0   0.0
4 sat=106         0.000         0.000         0.000  0.0000000000    0.0   0.0
4 sat=107         0.000         0.000         0.000  0.0000000000    0.0   0.0
4 sat=112         0.000         0.000         0.000  0.0000000000    0.0   0.0
4 sat=114         0.000         0.000         0.000  0.0000000000    0.0   0.0
4 sat=119         0.000         0.000         0.000  0.0000000000    0.0   0.0
4 sat=120         0.000         0.000         0.000  0.0000000000    0.0   0.0
4 sat=121         0.000         0.000         0.000  0.0000000000    0.0   0.0
4 y=
 0.000e+00 0.000e+00 0.000e+00 -2.917e+06 -2.917e+06 0.000e+00 -2.917e+06 0.000e+00 -2.917e+06 -2.917e+06 -2.917e+06 0.000e+00 0.000e+00 0.000e+00 0.000e+00 0.000e+00 0.000e+00 0.000e+00 0.000e+00 0.000e+00 0.000e+00 0.000e+00 0.000e+00 0.000e+00 0.000e+00 0.000e+00 0.000e+00
 0.000e+00 0.000e+00 0.000e+00 -2.917e+06 -2.917e+06 0.000e+00 -2.917e+06 0.000e+00 -2.917e+06 -2.917e+06 -2.917e+06 0.000e+00 0.000e+00 0.000e+00 0.000e+00 0.000e+00 0.000e+00 0.000e+00 0.000e+00 0.000e+00 0.000e+00 0.000e+00 0.000e+00 0.000e+00 0.000e+00 0.000e+00 0.000e+00
3 selsat  : nu=27 nr=27
4 ( 0) sat=  4 iu= 1 ir=28
4 ( 1) sat=  8 iu= 3 ir=30
4 ( 2) sat=  9 iu= 4 ir=31
4 ( 3) sat= 16 iu= 6 ir=33
4 ( 4) sat= 23 iu= 8 ir=35
4 ( 5) sat= 26 iu= 9 ir=36
4 ( 6) sat= 27 iu=10 ir=37
3 udstate : ns=7
3 udpos   : tt=0.500
3 udbias  : tt=0.500 ns=7
3 detslp_ll: i=1 rcv=1
3 detslp_ll: i=28 rcv=2
3 detslp_gf_L1L2: i=1 j=28
3 detslp_gf_L1L5: i=1 j=28
3 detslp_ll: i=3 rcv=1
3 detslp_ll: i=30 rcv=2
3 detslp_gf_L1L2: i=3 j=30
3 detslp_gf_L1L5: i=3 j=30
3 detslp_ll: i=4 rcv=1
3 detslp_ll: i=31 rcv=2
3 detslp_gf_L1L2: i=4 j=31
3 detslp_gf_L1L5: i=4 j=31
3 detslp_ll: i=6 rcv=1
3 detslp_ll: i=33 rcv=2
3 detslp_gf_L1L2: i=6 j=33
3 detslp_gf_L1L5: i=6 j=33
3 detslp_ll: i=8 rcv=1
3 detslp_ll: i=35 rcv=2
3 detslp_gf_L1L2: i=8 j=35
3 detslp_gf_L1L5: i=8 j=35
3 detslp_ll: i=9 rcv=1
3 detslp_ll: i=36 rcv=2
3 detslp_gf_L1L2: i=9 j=36
3 detslp_gf_L1L5: i=9 j=36
3 detslp_ll: i=10 rcv=1
3 detslp_ll: i=37 rcv=2
3 detslp_gf_L1L2: i=10 j=37
3 detslp_gf_L1L5: i=10 j=37
4 x(0)= -2.005e+06 5.411e+06 2.708e+06 4.664e-03 -7.213e-02 -1.136e-01 1.000e-06 1.000e-06 1.000e-06
3 zdres   : n=27
3 unhealthy satellite: sat=  4 svh=3F
4 tropmapf: pos= 25.286319  110.331548  165.5 azel=206.8 70.3
4 antmodel: azel= 206.8 70.3 opt=1
4 tropmapf: pos= 25.286319  110.331548  165.5 azel=296.2 38.9
4 antmodel: azel= 296.2 38.9 opt=1
4 tropmapf: pos= 25.286319  110.331548  165.5 azel= 29.5 40.5
4 antmodel: azel=  29.5 40.5 opt=1
4 tropmapf: pos= 25.286319  110.331548  165.5 azel=249.7 55.6
4 antmodel: azel= 249.7 55.6 opt=1
4 tropmapf: pos= 25.286319  110.331548  165.5 azel= 55.8 21.2
4 antmodel: azel=  55.8 21.2 opt=1
4 tropmapf: pos= 25.286319  110.331548  165.5 azel= 49.0 72.5
4 antmodel: azel=  49.0 72.5 opt=1
4 rr_=-2005037.143 5411160.991 2707856.914
4 pos=25.286319290 110.331548499 165.461
4 sat= 3   6579735.013  19431516.214 -16944692.058  0.0001870157  210.3   1.8
4 sat= 4  11528071.594  14373060.395  19142554.081  0.0001378640  310.0  26.7
4 sat= 7  12608971.664  10812689.299  21062344.393  0.0000102304  316.8  19.0
4 sat= 8  -6041619.468  25198138.724   5363093.357 -0.0001370765  206.8  70.3
4 sat= 9   9226189.203  19477780.884  15471985.511  0.0004414153  296.2  38.9
4 sat=11  -4443397.495  22320349.410 -14413535.034 -0.0006407193  189.0  18.8
4 sat=16 -11993561.451   8821589.227  21844769.708 -0.0000271281   29.5  40.5
4 sat=18 -12044685.820  18294776.078 -15408672.006  0.0000371102  167.9  15.1
4 sat=23   2367276.978  25530336.569   6366836.417 -0.0001931067  249.7  55.6
4 sat=26 -19939217.018   1373734.424  17560051.820  0.0001556744   55.8  21.2
4 sat=27 -11782899.093  18582734.928  14558951.911 -0.0000913606   49.0  72.5
4 sat=31 -25479533.996   6650242.012  -4971458.608  0.0000504608  116.8  12.0
4 sat=97         0.000         0.000         0.000  0.0000000000    0.0   0.0
4 sat=98         0.000         0.000         0.000  0.0000000000    0.0   0.0
4 sat=99         0.000         0.000         0.000  0.0000000000    0.0   0.0
4 sat=100         0.000         0.000         0.000  0.0000000000    0.0   0.0
4 sat=101         0.000         0.000         0.000  0.0000000000    0.0   0.0
4 sat=102         0.000         0.000         0.000  0.0000000000    0.0   0.0
4 sat=103         0.000         0.000         0.000  0.0000000000    0.0   0.0
4 sat=105         0.000         0.000         0.000  0.0000000000    0.0   0.0
4 sat=106         0.000         0.000         0.000  0.0000000000    0.0   0.0
4 sat=107         0.000         0.000         0.000  0.0000000000    0.0   0.0
4 sat=112         0.000         0.000         0.000  0.0000000000    0.0   0.0
4 sat=114         0.000         0.000         0.000  0.0000000000    0.0   0.0
4 sat=119         0.000         0.000         0.000  0.0000000000    0.0   0.0
4 sat=120         0.000         0.000         0.000  0.0000000000    0.0   0.0
4 sat=121         0.000         0.000         0.000  0.0000000000    0.0   0.0
4 y=
 0.000e+00 0.000e+00 0.000e+00 -2.917e+06 -2.917e+06 0.000e+00 -2.917e+06 0.000e+00 -2.917e+06 -2.917e+06 -2.917e+06 0.000e+00 0.000e+00 0.000e+00 0.000e+00 0.000e+00 0.000e+00 0.000e+00 0.000e+00 0.000e+00 0.000e+00 0.000e+00 0.000e+00 0.000e+00 0.000e+00 0.000e+00 0.000e+00
 0.000e+00 0.000e+00 0.000e+00 -2.917e+06 -2.917e+06 0.000e+00 -2.917e+06 0.000e+00 -2.917e+06 -2.917e+06 -2.917e+06 0.000e+00 0.000e+00 0.000e+00 0.000e+00 0.000e+00 0.000e+00 0.000e+00 0.000e+00 0.000e+00 0.000e+00 0.000e+00 0.000e+00 0.000e+00 0.000e+00 0.000e+00 0.000e+00
3 ddres   : dt=0.5 nx=180 ns=7
4 sat= 27-  8 L1 v=        0.090 R=0.000420 0.000426
4 sat= 27-  9 L1 v=        0.132 R=0.000420 0.000708
4 sat= 27- 16 L1 v=       -0.003 R=0.000420 0.000674
4 sat= 27- 23 L1 v=       -0.053 R=0.000420 0.000495
4 sat= 27- 26 L1 v=        0.271 R=0.000420 0.001727
4 sat= 27-  8 P1 v=        0.090 R=37.787643 38.302234
4 sat= 27-  9 P1 v=        0.132 R=37.787643 63.691610
4 sat= 27- 16 P1 v=       -0.003 R=37.787643 60.614133
4 sat= 27- 23 P1 v=       -0.053 R=37.787643 44.460168
4 sat= 27- 26 P1 v=        0.271 R=37.787643 155.361961
3 ddcov   : n=2
4 x(1)= -2.005e+06 5.411e+06 2.708e+06 4.664e-03 -7.213e-02 -1.136e-01 1.000e-06 1.000e-06 1.000e-06
3 zdres   : n=27
3 unhealthy satellite: sat=  4 svh=3F
4 tropmapf: pos= 25.286319  110.331548  165.5 azel=206.8 70.3
4 antmodel: azel= 206.8 70.3 opt=1
4 tropmapf: pos= 25.286319  110.331548  165.5 azel=296.2 38.9
4 antmodel: azel= 296.2 38.9 opt=1
4 tropmapf: pos= 25.286319  110.331548  165.5 azel= 29.5 40.5
4 antmodel: azel=  29.5 40.5 opt=1
4 tropmapf: pos= 25.286319  110.331548  165.5 azel=249.7 55.6
4 antmodel: azel= 249.7 55.6 opt=1
4 tropmapf: pos= 25.286319  110.331548  165.5 azel= 55.8 21.2
4 antmodel: azel=  55.8 21.2 opt=1
4 tropmapf: pos= 25.286319  110.331548  165.5 azel= 49.0 72.5
4 antmodel: azel=  49.0 72.5 opt=1
4 rr_=-2005037.143 5411160.991 2707856.914
4 pos=25.286319290 110.331548499 165.461
4 sat= 3   6579735.013  19431516.214 -16944692.058  0.0001870157  210.3   1.8
4 sat= 4  11528071.594  14373060.395  19142554.081  0.0001378640  310.0  26.7
4 sat= 7  12608971.664  10812689.299  21062344.393  0.0000102304  316.8  19.0
4 sat= 8  -6041619.468  25198138.724   5363093.357 -0.0001370765  206.8  70.3
4 sat= 9   9226189.203  19477780.884  15471985.511  0.0004414153  296.2  38.9
4 sat=11  -4443397.495  22320349.410 -14413535.034 -0.0006407193  189.0  18.8
4 sat=16 -11993561.451   8821589.227  21844769.708 -0.0000271281   29.5  40.5
4 sat=18 -12044685.820  18294776.078 -15408672.006  0.0000371102  167.9  15.1
4 sat=23   2367276.978  25530336.569   6366836.417 -0.0001931067  249.7  55.6
4 sat=26 -19939217.018   1373734.424  17560051.820  0.0001556744   55.8  21.2
4 sat=27 -11782899.093  18582734.928  14558951.911 -0.0000913606   49.0  72.5
4 sat=31 -25479533.996   6650242.012  -4971458.608  0.0000504608  116.8  12.0
4 sat=97         0.000         0.000         0.000  0.0000000000    0.0   0.0
4 sat=98         0.000         0.000         0.000  0.0000000000    0.0   0.0
4 sat=99         0.000         0.000         0.000  0.0000000000    0.0   0.0
4 sat=100         0.000         0.000         0.000  0.0000000000    0.0   0.0
4 sat=101         0.000         0.000         0.000  0.0000000000    0.0   0.0
4 sat=102         0.000         0.000         0.000  0.0000000000    0.0   0.0
4 sat=103         0.000         0.000         0.000  0.0000000000    0.0   0.0
4 sat=105         0.000         0.000         0.000  0.0000000000    0.0   0.0
4 sat=106         0.000         0.000         0.000  0.0000000000    0.0   0.0
4 sat=107         0.000         0.000         0.000  0.0000000000    0.0   0.0
4 sat=112         0.000         0.000         0.000  0.0000000000    0.0   0.0
4 sat=114         0.000         0.000         0.000  0.0000000000    0.0   0.0
4 sat=119         0.000         0.000         0.000  0.0000000000    0.0   0.0
4 sat=120         0.000         0.000         0.000  0.0000000000    0.0   0.0
4 sat=121         0.000         0.000         0.000  0.0000000000    0.0   0.0
4 y=
 0.000e+00 0.000e+00 0.000e+00 -2.917e+06 -2.917e+06 0.000e+00 -2.917e+06 0.000e+00 -2.917e+06 -2.917e+06 -2.917e+06 0.000e+00 0.000e+00 0.000e+00 0.000e+00 0.000e+00 0.000e+00 0.000e+00 0.000e+00 0.000e+00 0.000e+00 0.000e+00 0.000e+00 0.000e+00 0.000e+00 0.000e+00 0.000e+00
 0.000e+00 0.000e+00 0.000e+00 -2.917e+06 -2.917e+06 0.000e+00 -2.917e+06 0.000e+00 -2.917e+06 -2.917e+06 -2.917e+06 0.000e+00 0.000e+00 0.000e+00 0.000e+00 0.000e+00 0.000e+00 0.000e+00 0.000e+00 0.000e+00 0.000e+00 0.000e+00 0.000e+00 0.000e+00 0.000e+00 0.000e+00 0.000e+00
3 ddres   : dt=0.5 nx=180 ns=7
4 sat= 27-  8 L1 v=        0.000 R=0.000420 0.000426
4 sat= 27-  9 L1 v=        0.000 R=0.000420 0.000708
4 sat= 27- 16 L1 v=       -0.000 R=0.000420 0.000674
4 sat= 27- 23 L1 v=       -0.000 R=0.000420 0.000495
4 sat= 27- 26 L1 v=        0.000 R=0.000420 0.001727
4 sat= 27-  8 P1 v=        0.090 R=37.787643 38.302234
4 sat= 27-  9 P1 v=        0.132 R=37.787643 63.691610
4 sat= 27- 16 P1 v=       -0.003 R=37.787643 60.614133
4 sat= 27- 23 P1 v=       -0.053 R=37.787643 44.460168
4 sat= 27- 26 P1 v=        0.271 R=37.787643 155.361961
3 ddcov   : n=2
3 valpos  : nv=10 thres=4.0
3 resamb_LAMBDA : nx=180
3 ddmat   :
4 N(0)= 8.858e-04 1.084e-02 7.234e-03 1.197e-02 -8.329e-06
